2025-06-26 08:41:42,735 - INFO - 实验1-运行1: LR=0.00001, Decay=0.9850, Groups=[0.8, 0.1, 0.07, 0.03], Gamma=0.750
2025-06-26 08:41:47,283 - INFO - 实验1-运行1完成: HV=0.9679, IGD=104.5515, GD=24.5616, 时间=4.54s
2025-06-26 08:41:47,284 - INFO - 实验2-运行1: LR=0.00001, Decay=0.9880, Groups=[0.7, 0.15, 0.1, 0.05], Gamma=0.900
2025-06-26 08:41:51,647 - INFO - 实验2-运行1完成: HV=0.9744, IGD=75.1983, GD=5.8954, 时间=4.36s
2025-06-26 08:41:51,648 - INFO - 实验3-运行1: LR=0.00001, Decay=0.9900, Groups=[0.6, 0.2, 0.15, 0.05], Gamma=0.990
2025-06-26 08:41:56,910 - INFO - 实验3-运行1完成: HV=1.0000, IGD=0.0000, GD=0.0000, 时间=5.26s
2025-06-26 08:47:31,945 - INFO - 开始L81田口正交实验
2025-06-26 08:47:31,946 - INFO - 实验总数: 81
2025-06-26 08:47:31,946 - INFO - 每组重复: 5次
2025-06-26 08:47:31,946 - INFO - 总运行数: 405
2025-06-26 08:47:31,947 - INFO - 开始实验组1 (1/81)
2025-06-26 08:47:31,948 - INFO - 实验1-运行1: LR=0.00001, Decay=0.9850, Groups=[0.8, 0.1, 0.07, 0.03], Gamma=0.750
2025-06-26 08:47:37,466 - INFO - 实验1-运行1完成: HV=1.0000, IGD=0.0000, GD=0.0000, 时间=5.52s
2025-06-26 08:47:37,466 - INFO - 实验1-运行2: LR=0.00001, Decay=0.9850, Groups=[0.8, 0.1, 0.07, 0.03], Gamma=0.750
2025-06-26 08:47:42,516 - INFO - 实验1-运行2完成: HV=0.9705, IGD=89.0489, GD=25.9805, 时间=5.05s
2025-06-26 08:47:42,516 - INFO - 实验1-运行3: LR=0.00001, Decay=0.9850, Groups=[0.8, 0.1, 0.07, 0.03], Gamma=0.750
2025-06-26 08:47:46,746 - INFO - 实验1-运行3完成: HV=0.9688, IGD=99.8334, GD=5.1359, 时间=4.23s
2025-06-26 08:47:46,746 - INFO - 实验1-运行4: LR=0.00001, Decay=0.9850, Groups=[0.8, 0.1, 0.07, 0.03], Gamma=0.750
2025-06-26 08:47:51,020 - INFO - 实验1-运行4完成: HV=0.9718, IGD=83.6372, GD=2.5503, 时间=4.27s
2025-06-26 08:47:51,021 - INFO - 实验1-运行5: LR=0.00001, Decay=0.9850, Groups=[0.8, 0.1, 0.07, 0.03], Gamma=0.750
2025-06-26 08:47:55,277 - INFO - 实验1-运行5完成: HV=0.9649, IGD=117.2490, GD=3.6435, 时间=4.26s
2025-06-26 08:47:55,278 - INFO - 实验组1完成: 平均HV=0.9752, 平均IGD=77.9537, 平均GD=7.4620, 综合得分=0.9520, SNR=-0.43
2025-06-26 08:47:55,278 - INFO - 进度: 1/81
2025-06-26 08:47:55,278 - INFO - 开始实验组2 (2/81)
2025-06-26 08:47:55,278 - INFO - 实验2-运行1: LR=0.00001, Decay=0.9880, Groups=[0.7, 0.15, 0.1, 0.05], Gamma=0.900
2025-06-26 08:48:00,129 - INFO - 实验2-运行1完成: HV=0.9651, IGD=117.0480, GD=21.4255, 时间=4.85s
2025-06-26 08:48:00,129 - INFO - 实验2-运行2: LR=0.00001, Decay=0.9880, Groups=[0.7, 0.15, 0.1, 0.05], Gamma=0.900
2025-06-26 08:48:06,806 - INFO - 实验2-运行2完成: HV=0.9670, IGD=107.2169, GD=21.2749, 时间=6.68s
2025-06-26 08:48:06,807 - INFO - 实验2-运行3: LR=0.00001, Decay=0.9880, Groups=[0.7, 0.15, 0.1, 0.05], Gamma=0.900
2025-06-26 08:48:11,017 - INFO - 实验2-运行3完成: HV=0.9631, IGD=125.8379, GD=41.1341, 时间=4.21s
2025-06-26 08:48:11,017 - INFO - 实验2-运行4: LR=0.00001, Decay=0.9880, Groups=[0.7, 0.15, 0.1, 0.05], Gamma=0.900
2025-06-26 08:48:15,819 - INFO - 实验2-运行4完成: HV=0.9639, IGD=121.9803, GD=40.5226, 时间=4.80s
2025-06-26 08:48:15,819 - INFO - 实验2-运行5: LR=0.00001, Decay=0.9880, Groups=[0.7, 0.15, 0.1, 0.05], Gamma=0.900
2025-06-26 08:48:20,877 - INFO - 实验2-运行5完成: HV=0.9696, IGD=94.6187, GD=6.8868, 时间=5.06s
2025-06-26 08:48:20,877 - INFO - 实验组2完成: 平均HV=0.9657, 平均IGD=113.3404, 平均GD=26.2488, 综合得分=0.9107, SNR=-0.81
2025-06-26 08:48:20,877 - INFO - 进度: 2/81
2025-06-26 08:48:20,877 - INFO - 开始实验组3 (3/81)
2025-06-26 08:48:20,878 - INFO - 实验3-运行1: LR=0.00001, Decay=0.9900, Groups=[0.6, 0.2, 0.15, 0.05], Gamma=0.990
2025-06-26 08:48:26,105 - INFO - 实验3-运行1完成: HV=0.9689, IGD=97.5692, GD=13.3915, 时间=5.23s
2025-06-26 08:48:26,105 - INFO - 实验3-运行2: LR=0.00001, Decay=0.9900, Groups=[0.6, 0.2, 0.15, 0.05], Gamma=0.990
2025-06-26 08:48:30,128 - INFO - 实验3-运行2完成: HV=0.9692, IGD=97.7711, GD=0.0000, 时间=4.02s
2025-06-26 08:48:30,128 - INFO - 实验3-运行3: LR=0.00001, Decay=0.9900, Groups=[0.6, 0.2, 0.15, 0.05], Gamma=0.990
2025-06-26 08:48:35,563 - INFO - 实验3-运行3完成: HV=0.9668, IGD=109.3351, GD=7.3657, 时间=5.43s
2025-06-26 08:48:35,563 - INFO - 实验3-运行4: LR=0.00001, Decay=0.9900, Groups=[0.6, 0.2, 0.15, 0.05], Gamma=0.990
2025-06-26 08:48:40,132 - INFO - 实验3-运行4完成: HV=0.9670, IGD=106.9326, GD=9.7346, 时间=4.57s
2025-06-26 08:48:40,132 - INFO - 实验3-运行5: LR=0.00001, Decay=0.9900, Groups=[0.6, 0.2, 0.15, 0.05], Gamma=0.990
2025-06-26 08:48:44,869 - INFO - 实验3-运行5完成: HV=0.9686, IGD=100.3448, GD=1.0721, 时间=4.74s
2025-06-26 08:48:44,869 - INFO - 实验组3完成: 平均HV=0.9681, 平均IGD=102.3906, 平均GD=6.3128, 综合得分=0.9443, SNR=-0.50
2025-06-26 08:48:44,869 - INFO - 进度: 3/81
2025-06-26 08:48:44,869 - INFO - 开始实验组4 (4/81)
2025-06-26 08:48:44,870 - INFO - 实验4-运行1: LR=0.00001, Decay=0.9930, Groups=[0.5, 0.3, 0.15, 0.05], Gamma=0.750
2025-06-26 08:48:49,364 - INFO - 实验4-运行1完成: HV=1.0000, IGD=0.0000, GD=0.0000, 时间=4.49s
2025-06-26 08:48:49,365 - INFO - 实验4-运行2: LR=0.00001, Decay=0.9930, Groups=[0.5, 0.3, 0.15, 0.05], Gamma=0.750
2025-06-26 08:48:53,416 - INFO - 实验4-运行2完成: HV=0.9697, IGD=96.0911, GD=0.0000, 时间=4.05s
2025-06-26 08:48:53,417 - INFO - 实验4-运行3: LR=0.00001, Decay=0.9930, Groups=[0.5, 0.3, 0.15, 0.05], Gamma=0.750
2025-06-26 08:48:58,017 - INFO - 实验4-运行3完成: HV=0.9684, IGD=101.1092, GD=24.1219, 时间=4.60s
2025-06-26 08:48:58,018 - INFO - 实验4-运行4: LR=0.00001, Decay=0.9930, Groups=[0.5, 0.3, 0.15, 0.05], Gamma=0.750
2025-06-26 08:49:03,095 - INFO - 实验4-运行4完成: HV=0.9646, IGD=120.5465, GD=9.3525, 时间=5.08s
2025-06-26 08:49:03,095 - INFO - 实验4-运行5: LR=0.00001, Decay=0.9930, Groups=[0.5, 0.3, 0.15, 0.05], Gamma=0.750
2025-06-26 08:49:08,733 - INFO - 实验4-运行5完成: HV=0.9674, IGD=106.1294, GD=4.1511, 时间=5.64s
2025-06-26 08:49:08,734 - INFO - 实验组4完成: 平均HV=0.9740, 平均IGD=84.7752, 平均GD=7.5251, 综合得分=0.9496, SNR=-0.45
2025-06-26 08:49:08,734 - INFO - 进度: 4/81
2025-06-26 08:49:08,734 - INFO - 开始实验组5 (5/81)
2025-06-26 08:49:08,734 - INFO - 实验5-运行1: LR=0.00001, Decay=0.9950, Groups=[0.45, 0.25, 0.2, 0.1], Gamma=0.900
2025-06-26 08:49:13,215 - INFO - 实验5-运行1完成: HV=0.9695, IGD=96.0576, GD=6.2572, 时间=4.48s
2025-06-26 08:49:13,216 - INFO - 实验5-运行2: LR=0.00001, Decay=0.9950, Groups=[0.45, 0.25, 0.2, 0.1], Gamma=0.900
2025-06-26 08:49:17,868 - INFO - 实验5-运行2完成: HV=0.9676, IGD=102.6516, GD=9.6292, 时间=4.65s
2025-06-26 08:49:17,868 - INFO - 实验5-运行3: LR=0.00001, Decay=0.9950, Groups=[0.45, 0.25, 0.2, 0.1], Gamma=0.900
2025-06-26 08:49:22,604 - INFO - 实验5-运行3完成: HV=0.9693, IGD=95.9498, GD=17.3215, 时间=4.73s
2025-06-26 08:49:22,605 - INFO - 实验5-运行4: LR=0.00001, Decay=0.9950, Groups=[0.45, 0.25, 0.2, 0.1], Gamma=0.900
2025-06-26 08:49:27,643 - INFO - 实验5-运行4完成: HV=1.0000, IGD=0.0000, GD=0.0000, 时间=5.04s
2025-06-26 08:49:27,644 - INFO - 实验5-运行5: LR=0.00001, Decay=0.9950, Groups=[0.45, 0.25, 0.2, 0.1], Gamma=0.900
2025-06-26 08:49:33,257 - INFO - 实验5-运行5完成: HV=0.9713, IGD=87.5478, GD=1.4312, 时间=5.61s
2025-06-26 08:49:33,258 - INFO - 实验组5完成: 平均HV=0.9755, 平均IGD=76.4413, 平均GD=6.9278, 综合得分=0.9535, SNR=-0.41
2025-06-26 08:49:33,258 - INFO - 进度: 5/81
2025-06-26 08:49:33,258 - INFO - 开始实验组6 (6/81)
2025-06-26 08:49:33,258 - INFO - 实验6-运行1: LR=0.00001, Decay=0.9970, Groups=[0.35, 0.4, 0.2, 0.05], Gamma=0.990
2025-06-26 08:49:37,435 - INFO - 实验6-运行1完成: HV=0.9537, IGD=174.4419, GD=48.7660, 时间=4.18s
2025-06-26 08:49:37,435 - INFO - 实验6-运行2: LR=0.00001, Decay=0.9970, Groups=[0.35, 0.4, 0.2, 0.05], Gamma=0.990
2025-06-26 08:49:42,489 - INFO - 实验6-运行2完成: HV=0.9683, IGD=102.3637, GD=0.0000, 时间=5.05s
2025-06-26 08:49:42,490 - INFO - 实验6-运行3: LR=0.00001, Decay=0.9970, Groups=[0.35, 0.4, 0.2, 0.05], Gamma=0.990
2025-06-26 08:49:47,420 - INFO - 实验6-运行3完成: HV=0.9666, IGD=109.1150, GD=4.3306, 时间=4.93s
2025-06-26 08:49:47,420 - INFO - 实验6-运行4: LR=0.00001, Decay=0.9970, Groups=[0.35, 0.4, 0.2, 0.05], Gamma=0.990
2025-06-26 08:49:52,582 - INFO - 实验6-运行4完成: HV=0.9627, IGD=128.4429, GD=35.4552, 时间=5.16s
2025-06-26 08:49:52,582 - INFO - 实验6-运行5: LR=0.00001, Decay=0.9970, Groups=[0.35, 0.4, 0.2, 0.05], Gamma=0.990
2025-06-26 08:49:57,793 - INFO - 实验6-运行5完成: HV=0.9675, IGD=104.9579, GD=21.2796, 时间=5.21s
2025-06-26 08:49:57,794 - INFO - 实验组6完成: 平均HV=0.9638, 平均IGD=123.8643, 平均GD=21.9663, 综合得分=0.9128, SNR=-0.79
2025-06-26 08:49:57,794 - INFO - 进度: 6/81
2025-06-26 08:49:57,794 - INFO - 开始实验组7 (7/81)
2025-06-26 08:49:57,794 - INFO - 实验7-运行1: LR=0.00001, Decay=0.9990, Groups=[0.25, 0.45, 0.2, 0.1], Gamma=0.750
2025-06-26 08:50:03,816 - INFO - 实验7-运行1完成: HV=1.0000, IGD=0.0000, GD=0.0000, 时间=6.02s
2025-06-26 08:50:03,817 - INFO - 实验7-运行2: LR=0.00001, Decay=0.9990, Groups=[0.25, 0.45, 0.2, 0.1], Gamma=0.750
2025-06-26 08:50:08,509 - INFO - 实验7-运行2完成: HV=0.9700, IGD=93.9139, GD=5.9222, 时间=4.69s
2025-06-26 08:50:08,509 - INFO - 实验7-运行3: LR=0.00001, Decay=0.9990, Groups=[0.25, 0.45, 0.2, 0.1], Gamma=0.750
2025-06-26 08:50:13,351 - INFO - 实验7-运行3完成: HV=1.0000, IGD=0.0000, GD=0.0000, 时间=4.84s
2025-06-26 08:50:13,351 - INFO - 实验7-运行4: LR=0.00001, Decay=0.9990, Groups=[0.25, 0.45, 0.2, 0.1], Gamma=0.750
2025-06-26 08:50:17,963 - INFO - 实验7-运行4完成: HV=1.0000, IGD=0.0000, GD=0.0000, 时间=4.61s
2025-06-26 08:50:17,963 - INFO - 实验7-运行5: LR=0.00001, Decay=0.9990, Groups=[0.25, 0.45, 0.2, 0.1], Gamma=0.750
2025-06-26 08:50:23,264 - INFO - 实验7-运行5完成: HV=1.0000, IGD=0.0000, GD=0.0000, 时间=5.30s
2025-06-26 08:50:23,265 - INFO - 实验组7完成: 平均HV=0.9940, 平均IGD=18.7828, 平均GD=1.1844, 综合得分=0.9891, SNR=-0.09
2025-06-26 08:50:23,265 - INFO - 进度: 7/81
2025-06-26 08:50:23,265 - INFO - 开始实验组8 (8/81)
2025-06-26 08:50:23,265 - INFO - 实验8-运行1: LR=0.00001, Decay=0.9995, Groups=[0.2, 0.5, 0.2, 0.1], Gamma=0.900
2025-06-26 08:50:27,812 - INFO - 实验8-运行1完成: HV=0.9656, IGD=112.1461, GD=15.2493, 时间=4.55s
2025-06-26 08:50:27,812 - INFO - 实验8-运行2: LR=0.00001, Decay=0.9995, Groups=[0.2, 0.5, 0.2, 0.1], Gamma=0.900
2025-06-26 08:50:32,268 - INFO - 实验8-运行2完成: HV=0.9683, IGD=102.2529, GD=0.0000, 时间=4.46s
2025-06-26 08:50:32,268 - INFO - 实验8-运行3: LR=0.00001, Decay=0.9995, Groups=[0.2, 0.5, 0.2, 0.1], Gamma=0.900
2025-06-26 08:50:37,246 - INFO - 实验8-运行3完成: HV=0.9672, IGD=103.3355, GD=25.8812, 时间=4.98s
2025-06-26 08:50:37,246 - INFO - 实验8-运行4: LR=0.00001, Decay=0.9995, Groups=[0.2, 0.5, 0.2, 0.1], Gamma=0.900
2025-06-26 08:50:42,306 - INFO - 实验8-运行4完成: HV=0.9704, IGD=89.7708, GD=0.0000, 时间=5.06s
2025-06-26 08:50:42,306 - INFO - 实验8-运行5: LR=0.00001, Decay=0.9995, Groups=[0.2, 0.5, 0.2, 0.1], Gamma=0.900
2025-06-26 08:50:47,073 - INFO - 实验8-运行5完成: HV=1.0000, IGD=0.0000, GD=0.0000, 时间=4.77s
2025-06-26 08:50:47,073 - INFO - 实验组8完成: 平均HV=0.9743, 平均IGD=81.5011, 平均GD=8.2261, 综合得分=0.9493, SNR=-0.45
2025-06-26 08:50:47,073 - INFO - 进度: 8/81
2025-06-26 08:50:47,074 - INFO - 开始实验组9 (9/81)
2025-06-26 08:50:47,074 - INFO - 实验9-运行1: LR=0.00001, Decay=0.9999, Groups=[0.15, 0.55, 0.2, 0.1], Gamma=0.990
2025-06-26 08:50:52,103 - INFO - 实验9-运行1完成: HV=0.9652, IGD=116.5532, GD=21.1828, 时间=5.03s
2025-06-26 08:50:52,103 - INFO - 实验9-运行2: LR=0.00001, Decay=0.9999, Groups=[0.15, 0.55, 0.2, 0.1], Gamma=0.990
2025-06-26 08:50:57,200 - INFO - 实验9-运行2完成: HV=0.9654, IGD=110.7790, GD=2.2489, 时间=5.10s
2025-06-26 08:50:57,200 - INFO - 实验9-运行3: LR=0.00001, Decay=0.9999, Groups=[0.15, 0.55, 0.2, 0.1], Gamma=0.990
2025-06-26 08:51:01,771 - INFO - 实验9-运行3完成: HV=0.9628, IGD=126.2907, GD=33.8750, 时间=4.57s
2025-06-26 08:51:01,772 - INFO - 实验9-运行4: LR=0.00001, Decay=0.9999, Groups=[0.15, 0.55, 0.2, 0.1], Gamma=0.990
2025-06-26 08:51:06,234 - INFO - 实验9-运行4完成: HV=0.9611, IGD=138.2755, GD=17.4877, 时间=4.46s
2025-06-26 08:51:06,234 - INFO - 实验9-运行5: LR=0.00001, Decay=0.9999, Groups=[0.15, 0.55, 0.2, 0.1], Gamma=0.990
2025-06-26 08:51:12,038 - INFO - 实验9-运行5完成: HV=1.0000, IGD=0.0000, GD=0.0000, 时间=5.80s
2025-06-26 08:51:12,038 - INFO - 实验组9完成: 平均HV=0.9709, 平均IGD=98.3797, 平均GD=14.9589, 综合得分=0.9326, SNR=-0.61
2025-06-26 08:51:12,038 - INFO - 进度: 9/81
2025-06-26 08:51:12,038 - INFO - 开始实验组10 (10/81)
2025-06-26 08:51:12,039 - INFO - 实验10-运行1: LR=0.00005, Decay=0.9850, Groups=[0.7, 0.15, 0.1, 0.05], Gamma=0.850
2025-06-26 08:51:16,972 - INFO - 实验10-运行1完成: HV=1.0000, IGD=0.0000, GD=0.0000, 时间=4.93s
2025-06-26 08:51:16,972 - INFO - 实验10-运行2: LR=0.00005, Decay=0.9850, Groups=[0.7, 0.15, 0.1, 0.05], Gamma=0.850
2025-06-26 08:51:21,761 - INFO - 实验10-运行2完成: HV=0.9628, IGD=127.4663, GD=21.6401, 时间=4.79s
2025-06-26 08:51:21,762 - INFO - 实验10-运行3: LR=0.00005, Decay=0.9850, Groups=[0.7, 0.15, 0.1, 0.05], Gamma=0.850
2025-06-26 08:51:27,290 - INFO - 实验10-运行3完成: HV=0.9639, IGD=122.1355, GD=39.5347, 时间=5.53s
2025-06-26 08:51:27,291 - INFO - 实验10-运行4: LR=0.00005, Decay=0.9850, Groups=[0.7, 0.15, 0.1, 0.05], Gamma=0.850
2025-06-26 08:51:31,563 - INFO - 实验10-运行4完成: HV=0.9726, IGD=80.8200, GD=3.1159, 时间=4.27s
2025-06-26 08:51:31,563 - INFO - 实验10-运行5: LR=0.00005, Decay=0.9850, Groups=[0.7, 0.15, 0.1, 0.05], Gamma=0.850
2025-06-26 08:51:36,571 - INFO - 实验10-运行5完成: HV=0.9659, IGD=110.5017, GD=35.9894, 时间=5.01s
2025-06-26 08:51:36,572 - INFO - 实验组10完成: 平均HV=0.9730, 平均IGD=88.1847, 平均GD=20.0560, 综合得分=0.9288, SNR=-0.64
2025-06-26 08:51:36,572 - INFO - 进度: 10/81
2025-06-26 08:51:36,572 - INFO - 开始实验组11 (11/81)
2025-06-26 08:51:36,572 - INFO - 实验11-运行1: LR=0.00005, Decay=0.9880, Groups=[0.6, 0.2, 0.15, 0.05], Gamma=0.980
2025-06-26 08:51:40,764 - INFO - 实验11-运行1完成: HV=0.9618, IGD=134.6242, GD=26.3709, 时间=4.19s
2025-06-26 08:51:40,764 - INFO - 实验11-运行2: LR=0.00005, Decay=0.9880, Groups=[0.6, 0.2, 0.15, 0.05], Gamma=0.980
2025-06-26 08:51:45,294 - INFO - 实验11-运行2完成: HV=1.0000, IGD=0.0000, GD=0.0000, 时间=4.53s
2025-06-26 08:51:45,294 - INFO - 实验11-运行3: LR=0.00005, Decay=0.9880, Groups=[0.6, 0.2, 0.15, 0.05], Gamma=0.980
2025-06-26 08:51:49,540 - INFO - 实验11-运行3完成: HV=0.9669, IGD=106.9014, GD=7.8969, 时间=4.25s
2025-06-26 08:51:49,541 - INFO - 实验11-运行4: LR=0.00005, Decay=0.9880, Groups=[0.6, 0.2, 0.15, 0.05], Gamma=0.980
2025-06-26 08:51:54,592 - INFO - 实验11-运行4完成: HV=0.9650, IGD=117.4251, GD=2.7378, 时间=5.05s
2025-06-26 08:51:54,592 - INFO - 实验11-运行5: LR=0.00005, Decay=0.9880, Groups=[0.6, 0.2, 0.15, 0.05], Gamma=0.980
2025-06-26 08:51:59,768 - INFO - 实验11-运行5完成: HV=0.9681, IGD=100.7985, GD=19.4512, 时间=5.17s
2025-06-26 08:51:59,768 - INFO - 实验组11完成: 平均HV=0.9724, 平均IGD=91.9498, 平均GD=11.2914, 综合得分=0.9406, SNR=-0.53
2025-06-26 08:51:59,768 - INFO - 进度: 11/81
2025-06-26 08:51:59,769 - INFO - 开始实验组12 (12/81)
2025-06-26 08:51:59,769 - INFO - 实验12-运行1: LR=0.00005, Decay=0.9900, Groups=[0.5, 0.3, 0.15, 0.05], Gamma=0.999
2025-06-26 08:52:04,311 - INFO - 实验12-运行1完成: HV=0.9628, IGD=125.2051, GD=5.4337, 时间=4.54s
2025-06-26 08:52:04,312 - INFO - 实验12-运行2: LR=0.00005, Decay=0.9900, Groups=[0.5, 0.3, 0.15, 0.05], Gamma=0.999
2025-06-26 08:52:09,654 - INFO - 实验12-运行2完成: HV=1.0000, IGD=0.0000, GD=0.0000, 时间=5.34s
2025-06-26 08:52:09,654 - INFO - 实验12-运行3: LR=0.00005, Decay=0.9900, Groups=[0.5, 0.3, 0.15, 0.05], Gamma=0.999
2025-06-26 08:52:15,032 - INFO - 实验12-运行3完成: HV=0.9652, IGD=116.2571, GD=38.5583, 时间=5.38s
2025-06-26 08:52:15,032 - INFO - 实验12-运行4: LR=0.00005, Decay=0.9900, Groups=[0.5, 0.3, 0.15, 0.05], Gamma=0.999
2025-06-26 08:52:20,077 - INFO - 实验12-运行4完成: HV=0.9708, IGD=89.7019, GD=2.0319, 时间=5.04s
2025-06-26 08:52:20,078 - INFO - 实验12-运行5: LR=0.00005, Decay=0.9900, Groups=[0.5, 0.3, 0.15, 0.05], Gamma=0.999
2025-06-26 08:52:25,058 - INFO - 实验12-运行5完成: HV=0.9691, IGD=95.8552, GD=15.7589, 时间=4.98s
2025-06-26 08:52:25,059 - INFO - 实验组12完成: 平均HV=0.9736, 平均IGD=85.4039, 平均GD=12.3566, 综合得分=0.9412, SNR=-0.53
2025-06-26 08:52:25,059 - INFO - 进度: 12/81
2025-06-26 08:52:25,059 - INFO - 开始实验组13 (13/81)
2025-06-26 08:52:25,059 - INFO - 实验13-运行1: LR=0.00005, Decay=0.9930, Groups=[0.45, 0.25, 0.2, 0.1], Gamma=0.850
2025-06-26 08:52:29,505 - INFO - 实验13-运行1完成: HV=0.9684, IGD=96.1928, GD=4.1545, 时间=4.45s
2025-06-26 08:52:29,506 - INFO - 实验13-运行2: LR=0.00005, Decay=0.9930, Groups=[0.45, 0.25, 0.2, 0.1], Gamma=0.850
2025-06-26 08:52:34,259 - INFO - 实验13-运行2完成: HV=0.9608, IGD=137.6255, GD=20.6501, 时间=4.75s
2025-06-26 08:52:34,259 - INFO - 实验13-运行3: LR=0.00005, Decay=0.9930, Groups=[0.45, 0.25, 0.2, 0.1], Gamma=0.850
2025-06-26 08:52:39,602 - INFO - 实验13-运行3完成: HV=0.9637, IGD=123.7637, GD=17.2124, 时间=5.34s
2025-06-26 08:52:39,603 - INFO - 实验13-运行4: LR=0.00005, Decay=0.9930, Groups=[0.45, 0.25, 0.2, 0.1], Gamma=0.850
2025-06-26 08:52:45,012 - INFO - 实验13-运行4完成: HV=0.9615, IGD=131.9161, GD=16.8479, 时间=5.41s
2025-06-26 08:52:45,012 - INFO - 实验13-运行5: LR=0.00005, Decay=0.9930, Groups=[0.45, 0.25, 0.2, 0.1], Gamma=0.850
2025-06-26 08:52:49,925 - INFO - 实验13-运行5完成: HV=0.9632, IGD=126.6721, GD=23.0643, 时间=4.91s
2025-06-26 08:52:49,925 - INFO - 实验组13完成: 平均HV=0.9635, 平均IGD=123.2341, 平均GD=16.3858, 综合得分=0.9207, SNR=-0.72
2025-06-26 08:52:49,925 - INFO - 进度: 13/81
2025-06-26 08:52:49,925 - INFO - 开始实验组14 (14/81)
2025-06-26 08:52:49,926 - INFO - 实验14-运行1: LR=0.00005, Decay=0.9950, Groups=[0.35, 0.4, 0.2, 0.05], Gamma=0.980
2025-06-26 08:52:55,137 - INFO - 实验14-运行1完成: HV=1.0000, IGD=0.0000, GD=0.0000, 时间=5.21s
2025-06-26 08:52:55,137 - INFO - 实验14-运行2: LR=0.00005, Decay=0.9950, Groups=[0.35, 0.4, 0.2, 0.05], Gamma=0.980
2025-06-26 08:52:59,826 - INFO - 实验14-运行2完成: HV=1.0000, IGD=0.0000, GD=0.0000, 时间=4.69s
2025-06-26 08:52:59,826 - INFO - 实验14-运行3: LR=0.00005, Decay=0.9950, Groups=[0.35, 0.4, 0.2, 0.05], Gamma=0.980
2025-06-26 08:53:04,823 - INFO - 实验14-运行3完成: HV=0.9646, IGD=120.2491, GD=10.8957, 时间=5.00s
2025-06-26 08:53:04,824 - INFO - 实验14-运行4: LR=0.00005, Decay=0.9950, Groups=[0.35, 0.4, 0.2, 0.05], Gamma=0.980
2025-06-26 08:53:09,041 - INFO - 实验14-运行4完成: HV=0.9559, IGD=163.2437, GD=38.3455, 时间=4.22s
2025-06-26 08:53:09,042 - INFO - 实验14-运行5: LR=0.00005, Decay=0.9950, Groups=[0.35, 0.4, 0.2, 0.05], Gamma=0.980
2025-06-26 08:53:13,657 - INFO - 实验14-运行5完成: HV=1.0000, IGD=0.0000, GD=0.0000, 时间=4.61s
2025-06-26 08:53:13,658 - INFO - 实验组14完成: 平均HV=0.9841, 平均IGD=56.6986, 平均GD=9.8482, 综合得分=0.9580, SNR=-0.37
2025-06-26 08:53:13,658 - INFO - 进度: 14/81
2025-06-26 08:53:13,658 - INFO - 开始实验组15 (15/81)
2025-06-26 08:53:13,658 - INFO - 实验15-运行1: LR=0.00005, Decay=0.9970, Groups=[0.25, 0.45, 0.2, 0.1], Gamma=0.999
2025-06-26 08:53:18,243 - INFO - 实验15-运行1完成: HV=0.9705, IGD=90.1123, GD=0.0000, 时间=4.58s
2025-06-26 08:53:18,243 - INFO - 实验15-运行2: LR=0.00005, Decay=0.9970, Groups=[0.25, 0.45, 0.2, 0.1], Gamma=0.999
2025-06-26 08:53:22,994 - INFO - 实验15-运行2完成: HV=0.9701, IGD=93.1462, GD=4.7256, 时间=4.75s
2025-06-26 08:53:22,995 - INFO - 实验15-运行3: LR=0.00005, Decay=0.9970, Groups=[0.25, 0.45, 0.2, 0.1], Gamma=0.999
2025-06-26 08:53:27,410 - INFO - 实验15-运行3完成: HV=0.9651, IGD=117.0724, GD=22.9826, 时间=4.41s
2025-06-26 08:53:27,411 - INFO - 实验15-运行4: LR=0.00005, Decay=0.9970, Groups=[0.25, 0.45, 0.2, 0.1], Gamma=0.999
2025-06-26 08:53:32,724 - INFO - 实验15-运行4完成: HV=1.0000, IGD=0.0000, GD=0.0000, 时间=5.31s
2025-06-26 08:53:32,725 - INFO - 实验15-运行5: LR=0.00005, Decay=0.9970, Groups=[0.25, 0.45, 0.2, 0.1], Gamma=0.999
2025-06-26 08:53:37,850 - INFO - 实验15-运行5完成: HV=0.9630, IGD=128.2766, GD=38.9759, 时间=5.12s
2025-06-26 08:53:37,851 - INFO - 实验组15完成: 平均HV=0.9738, 平均IGD=85.7215, 平均GD=13.3368, 综合得分=0.9397, SNR=-0.54
2025-06-26 08:53:37,851 - INFO - 进度: 15/81
2025-06-26 08:53:37,851 - INFO - 开始实验组16 (16/81)
2025-06-26 08:53:37,851 - INFO - 实验16-运行1: LR=0.00005, Decay=0.9990, Groups=[0.2, 0.5, 0.2, 0.1], Gamma=0.850
2025-06-26 08:53:42,884 - INFO - 实验16-运行1完成: HV=1.0000, IGD=0.0000, GD=0.0000, 时间=5.03s
2025-06-26 08:53:42,884 - INFO - 实验16-运行2: LR=0.00005, Decay=0.9990, Groups=[0.2, 0.5, 0.2, 0.1], Gamma=0.850
2025-06-26 08:53:47,503 - INFO - 实验16-运行2完成: HV=0.9704, IGD=88.4972, GD=10.7047, 时间=4.62s
2025-06-26 08:53:47,503 - INFO - 实验16-运行3: LR=0.00005, Decay=0.9990, Groups=[0.2, 0.5, 0.2, 0.1], Gamma=0.850
2025-06-26 08:53:52,323 - INFO - 实验16-运行3完成: HV=0.9676, IGD=105.4867, GD=6.4920, 时间=4.82s
2025-06-26 08:53:52,323 - INFO - 实验16-运行4: LR=0.00005, Decay=0.9990, Groups=[0.2, 0.5, 0.2, 0.1], Gamma=0.850
2025-06-26 08:53:57,009 - INFO - 实验16-运行4完成: HV=0.9641, IGD=122.6149, GD=21.2142, 时间=4.69s
2025-06-26 08:53:57,009 - INFO - 实验16-运行5: LR=0.00005, Decay=0.9990, Groups=[0.2, 0.5, 0.2, 0.1], Gamma=0.850
2025-06-26 08:54:01,411 - INFO - 实验16-运行5完成: HV=0.9616, IGD=133.7999, GD=33.9700, 时间=4.40s
2025-06-26 08:54:01,411 - INFO - 实验组16完成: 平均HV=0.9727, 平均IGD=90.0797, 平均GD=14.4762, 综合得分=0.9363, SNR=-0.57
2025-06-26 08:54:01,411 - INFO - 进度: 16/81
2025-06-26 08:54:01,412 - INFO - 开始实验组17 (17/81)
2025-06-26 08:54:01,412 - INFO - 实验17-运行1: LR=0.00005, Decay=0.9995, Groups=[0.15, 0.55, 0.2, 0.1], Gamma=0.980
2025-06-26 08:54:06,252 - INFO - 实验17-运行1完成: HV=1.0000, IGD=0.0000, GD=0.0000, 时间=4.84s
2025-06-26 08:54:06,253 - INFO - 实验17-运行2: LR=0.00005, Decay=0.9995, Groups=[0.15, 0.55, 0.2, 0.1], Gamma=0.980
2025-06-26 08:54:11,849 - INFO - 实验17-运行2完成: HV=0.9630, IGD=128.3707, GD=15.9128, 时间=5.60s
2025-06-26 08:54:11,850 - INFO - 实验17-运行3: LR=0.00005, Decay=0.9995, Groups=[0.15, 0.55, 0.2, 0.1], Gamma=0.980
2025-06-26 08:54:16,497 - INFO - 实验17-运行3完成: HV=0.9675, IGD=102.5081, GD=2.6318, 时间=4.65s
2025-06-26 08:54:16,498 - INFO - 实验17-运行4: LR=0.00005, Decay=0.9995, Groups=[0.15, 0.55, 0.2, 0.1], Gamma=0.980
2025-06-26 08:54:21,239 - INFO - 实验17-运行4完成: HV=0.9651, IGD=116.0115, GD=15.0525, 时间=4.74s
2025-06-26 08:54:21,239 - INFO - 实验17-运行5: LR=0.00005, Decay=0.9995, Groups=[0.15, 0.55, 0.2, 0.1], Gamma=0.980
2025-06-26 08:54:25,852 - INFO - 实验17-运行5完成: HV=0.9519, IGD=184.1954, GD=47.0373, 时间=4.61s
2025-06-26 08:54:25,853 - INFO - 实验组17完成: 平均HV=0.9695, 平均IGD=106.2171, 平均GD=16.1269, 综合得分=0.9282, SNR=-0.65
2025-06-26 08:54:25,853 - INFO - 进度: 17/81
2025-06-26 08:54:25,853 - INFO - 开始实验组18 (18/81)
2025-06-26 08:54:25,853 - INFO - 实验18-运行1: LR=0.00005, Decay=0.9999, Groups=[0.8, 0.1, 0.07, 0.03], Gamma=0.999
2025-06-26 08:54:30,882 - INFO - 实验18-运行1完成: HV=0.9671, IGD=103.5507, GD=27.1385, 时间=5.03s
2025-06-26 08:54:30,882 - INFO - 实验18-运行2: LR=0.00005, Decay=0.9999, Groups=[0.8, 0.1, 0.07, 0.03], Gamma=0.999
2025-06-26 08:54:36,403 - INFO - 实验18-运行2完成: HV=0.9664, IGD=109.1181, GD=7.7838, 时间=5.52s
2025-06-26 08:54:36,404 - INFO - 实验18-运行3: LR=0.00005, Decay=0.9999, Groups=[0.8, 0.1, 0.07, 0.03], Gamma=0.999
2025-06-26 08:54:41,627 - INFO - 实验18-运行3完成: HV=0.9638, IGD=123.1826, GD=28.2610, 时间=5.22s
2025-06-26 08:54:41,628 - INFO - 实验18-运行4: LR=0.00005, Decay=0.9999, Groups=[0.8, 0.1, 0.07, 0.03], Gamma=0.999
2025-06-26 08:54:46,760 - INFO - 实验18-运行4完成: HV=0.9712, IGD=87.2614, GD=1.6369, 时间=5.13s
2025-06-26 08:54:46,760 - INFO - 实验18-运行5: LR=0.00005, Decay=0.9999, Groups=[0.8, 0.1, 0.07, 0.03], Gamma=0.999
2025-06-26 08:54:52,915 - INFO - 实验18-运行5完成: HV=1.0000, IGD=0.0000, GD=0.0000, 时间=6.15s
2025-06-26 08:54:52,916 - INFO - 实验组18完成: 平均HV=0.9737, 平均IGD=84.6226, 平均GD=12.9641, 综合得分=0.9405, SNR=-0.53
2025-06-26 08:54:52,916 - INFO - 进度: 18/81
2025-06-26 08:54:52,916 - INFO - 开始实验组19 (19/81)
2025-06-26 08:54:52,916 - INFO - 实验19-运行1: LR=0.00010, Decay=0.9850, Groups=[0.6, 0.2, 0.15, 0.05], Gamma=0.950
2025-06-26 08:54:58,507 - INFO - 实验19-运行1完成: HV=0.9652, IGD=114.8333, GD=28.7892, 时间=5.59s
2025-06-26 08:54:58,508 - INFO - 实验19-运行2: LR=0.00010, Decay=0.9850, Groups=[0.6, 0.2, 0.15, 0.05], Gamma=0.950
2025-06-26 08:55:02,863 - INFO - 实验19-运行2完成: HV=1.0000, IGD=0.0000, GD=0.0000, 时间=4.35s
2025-06-26 08:55:02,863 - INFO - 实验19-运行3: LR=0.00010, Decay=0.9850, Groups=[0.6, 0.2, 0.15, 0.05], Gamma=0.950
2025-06-26 08:55:07,565 - INFO - 实验19-运行3完成: HV=0.9688, IGD=97.5528, GD=1.3022, 时间=4.70s
2025-06-26 08:55:07,566 - INFO - 实验19-运行4: LR=0.00010, Decay=0.9850, Groups=[0.6, 0.2, 0.15, 0.05], Gamma=0.950
2025-06-26 08:55:13,501 - INFO - 实验19-运行4完成: HV=1.0000, IGD=0.0000, GD=0.0000, 时间=5.93s
2025-06-26 08:55:13,501 - INFO - 实验19-运行5: LR=0.00010, Decay=0.9850, Groups=[0.6, 0.2, 0.15, 0.05], Gamma=0.950
2025-06-26 08:55:19,464 - INFO - 实验19-运行5完成: HV=0.9678, IGD=102.7872, GD=18.5371, 时间=5.96s
2025-06-26 08:55:19,465 - INFO - 实验组19完成: 平均HV=0.9804, 平均IGD=63.0347, 平均GD=9.7257, 综合得分=0.9547, SNR=-0.40
2025-06-26 08:55:19,465 - INFO - 进度: 19/81
2025-06-26 08:55:19,465 - INFO - 开始实验组20 (20/81)
2025-06-26 08:55:19,465 - INFO - 实验20-运行1: LR=0.00010, Decay=0.9880, Groups=[0.5, 0.3, 0.15, 0.05], Gamma=0.995
2025-06-26 08:55:25,123 - INFO - 实验20-运行1完成: HV=0.9578, IGD=153.7069, GD=45.7225, 时间=5.66s
2025-06-26 08:55:25,123 - INFO - 实验20-运行2: LR=0.00010, Decay=0.9880, Groups=[0.5, 0.3, 0.15, 0.05], Gamma=0.995
2025-06-26 08:55:30,034 - INFO - 实验20-运行2完成: HV=1.0000, IGD=0.0000, GD=0.0000, 时间=4.91s
2025-06-26 08:55:30,034 - INFO - 实验20-运行3: LR=0.00010, Decay=0.9880, Groups=[0.5, 0.3, 0.15, 0.05], Gamma=0.995
2025-06-26 08:55:34,941 - INFO - 实验20-运行3完成: HV=0.9689, IGD=97.9668, GD=0.0000, 时间=4.91s
2025-06-26 08:55:34,942 - INFO - 实验20-运行4: LR=0.00010, Decay=0.9880, Groups=[0.5, 0.3, 0.15, 0.05], Gamma=0.995
2025-06-26 08:55:40,689 - INFO - 实验20-运行4完成: HV=0.9641, IGD=122.9653, GD=14.3944, 时间=5.75s
2025-06-26 08:55:40,690 - INFO - 实验20-运行5: LR=0.00010, Decay=0.9880, Groups=[0.5, 0.3, 0.15, 0.05], Gamma=0.995
2025-06-26 08:55:45,667 - INFO - 实验20-运行5完成: HV=0.9646, IGD=120.2117, GD=42.6929, 时间=4.98s
2025-06-26 08:55:45,668 - INFO - 实验组20完成: 平均HV=0.9711, 平均IGD=98.9702, 平均GD=20.5620, 综合得分=0.9244, SNR=-0.68
2025-06-26 08:55:45,668 - INFO - 进度: 20/81
2025-06-26 08:55:45,668 - INFO - 开始实验组21 (21/81)
2025-06-26 08:55:45,668 - INFO - 实验21-运行1: LR=0.00010, Decay=0.9900, Groups=[0.45, 0.25, 0.2, 0.1], Gamma=0.800
2025-06-26 08:55:49,406 - INFO - 实验21-运行1完成: HV=0.9642, IGD=120.6249, GD=45.5301, 时间=3.74s
2025-06-26 08:55:49,407 - INFO - 实验21-运行2: LR=0.00010, Decay=0.9900, Groups=[0.45, 0.25, 0.2, 0.1], Gamma=0.800
2025-06-26 08:55:54,640 - INFO - 实验21-运行2完成: HV=0.9580, IGD=151.8517, GD=48.7240, 时间=5.23s
2025-06-26 08:55:54,640 - INFO - 实验21-运行3: LR=0.00010, Decay=0.9900, Groups=[0.45, 0.25, 0.2, 0.1], Gamma=0.800
2025-06-26 08:56:00,393 - INFO - 实验21-运行3完成: HV=0.9663, IGD=110.7929, GD=28.5023, 时间=5.75s
2025-06-26 08:56:00,394 - INFO - 实验21-运行4: LR=0.00010, Decay=0.9900, Groups=[0.45, 0.25, 0.2, 0.1], Gamma=0.800
2025-06-26 08:56:05,522 - INFO - 实验21-运行4完成: HV=0.9736, IGD=76.6415, GD=0.0000, 时间=5.13s
2025-06-26 08:56:05,522 - INFO - 实验21-运行5: LR=0.00010, Decay=0.9900, Groups=[0.45, 0.25, 0.2, 0.1], Gamma=0.800
2025-06-26 08:56:10,796 - INFO - 实验21-运行5完成: HV=0.9706, IGD=89.9951, GD=1.5764, 时间=5.27s
2025-06-26 08:56:10,796 - INFO - 实验组21完成: 平均HV=0.9665, 平均IGD=109.9812, 平均GD=24.8666, 综合得分=0.9137, SNR=-0.78
2025-06-26 08:56:10,796 - INFO - 进度: 21/81
2025-06-26 08:56:10,796 - INFO - 开始实验组22 (22/81)
2025-06-26 08:56:10,797 - INFO - 实验22-运行1: LR=0.00010, Decay=0.9930, Groups=[0.35, 0.4, 0.2, 0.05], Gamma=0.950
2025-06-26 08:56:15,526 - INFO - 实验22-运行1完成: HV=1.0000, IGD=0.0000, GD=0.0000, 时间=4.73s
2025-06-26 08:56:15,526 - INFO - 实验22-运行2: LR=0.00010, Decay=0.9930, Groups=[0.35, 0.4, 0.2, 0.05], Gamma=0.950
2025-06-26 08:56:20,270 - INFO - 实验22-运行2完成: HV=0.9653, IGD=112.7717, GD=31.5381, 时间=4.74s
2025-06-26 08:56:20,271 - INFO - 实验22-运行3: LR=0.00010, Decay=0.9930, Groups=[0.35, 0.4, 0.2, 0.05], Gamma=0.950
2025-06-26 08:56:25,153 - INFO - 实验22-运行3完成: HV=0.9642, IGD=124.0618, GD=3.5360, 时间=4.88s
2025-06-26 08:56:25,153 - INFO - 实验22-运行4: LR=0.00010, Decay=0.9930, Groups=[0.35, 0.4, 0.2, 0.05], Gamma=0.950
2025-06-26 08:56:30,802 - INFO - 实验22-运行4完成: HV=0.9661, IGD=110.2120, GD=7.2521, 时间=5.65s
2025-06-26 08:56:30,802 - INFO - 实验22-运行5: LR=0.00010, Decay=0.9930, Groups=[0.35, 0.4, 0.2, 0.05], Gamma=0.950
2025-06-26 08:56:35,977 - INFO - 实验22-运行5完成: HV=0.9707, IGD=88.1740, GD=6.2776, 时间=5.17s
2025-06-26 08:56:35,978 - INFO - 实验组22完成: 平均HV=0.9733, 平均IGD=87.0439, 平均GD=9.7208, 综合得分=0.9449, SNR=-0.49
2025-06-26 08:56:35,978 - INFO - 进度: 22/81
2025-06-26 08:56:35,978 - INFO - 开始实验组23 (23/81)
2025-06-26 08:56:35,978 - INFO - 实验23-运行1: LR=0.00010, Decay=0.9950, Groups=[0.25, 0.45, 0.2, 0.1], Gamma=0.995
2025-06-26 08:56:41,868 - INFO - 实验23-运行1完成: HV=1.0000, IGD=0.0000, GD=0.0000, 时间=5.89s
2025-06-26 08:56:41,869 - INFO - 实验23-运行2: LR=0.00010, Decay=0.9950, Groups=[0.25, 0.45, 0.2, 0.1], Gamma=0.995
2025-06-26 08:56:47,062 - INFO - 实验23-运行2完成: HV=0.9630, IGD=129.0313, GD=16.7537, 时间=5.19s
2025-06-26 08:56:47,063 - INFO - 实验23-运行3: LR=0.00010, Decay=0.9950, Groups=[0.25, 0.45, 0.2, 0.1], Gamma=0.995
2025-06-26 08:56:51,634 - INFO - 实验23-运行3完成: HV=0.9522, IGD=183.6316, GD=58.4462, 时间=4.57s
2025-06-26 08:56:51,635 - INFO - 实验23-运行4: LR=0.00010, Decay=0.9950, Groups=[0.25, 0.45, 0.2, 0.1], Gamma=0.995
2025-06-26 08:56:56,796 - INFO - 实验23-运行4完成: HV=0.9686, IGD=96.8431, GD=9.0811, 时间=5.16s
2025-06-26 08:56:56,796 - INFO - 实验23-运行5: LR=0.00010, Decay=0.9950, Groups=[0.25, 0.45, 0.2, 0.1], Gamma=0.995
2025-06-26 08:57:01,025 - INFO - 实验23-运行5完成: HV=0.9650, IGD=118.0200, GD=13.3870, 时间=4.23s
2025-06-26 08:57:01,025 - INFO - 实验组23完成: 平均HV=0.9698, 平均IGD=105.5052, 平均GD=19.5336, 综合得分=0.9236, SNR=-0.69
2025-06-26 08:57:01,025 - INFO - 进度: 23/81
2025-06-26 08:57:01,025 - INFO - 开始实验组24 (24/81)
2025-06-26 08:57:01,025 - INFO - 实验24-运行1: LR=0.00010, Decay=0.9970, Groups=[0.2, 0.5, 0.2, 0.1], Gamma=0.800
2025-06-26 08:57:06,050 - INFO - 实验24-运行1完成: HV=0.9680, IGD=104.9045, GD=0.0000, 时间=5.02s
2025-06-26 08:57:06,051 - INFO - 实验24-运行2: LR=0.00010, Decay=0.9970, Groups=[0.2, 0.5, 0.2, 0.1], Gamma=0.800
2025-06-26 08:57:11,790 - INFO - 实验24-运行2完成: HV=0.9655, IGD=114.9810, GD=18.9810, 时间=5.74s
2025-06-26 08:57:11,791 - INFO - 实验24-运行3: LR=0.00010, Decay=0.9970, Groups=[0.2, 0.5, 0.2, 0.1], Gamma=0.800
2025-06-26 08:57:16,613 - INFO - 实验24-运行3完成: HV=0.9671, IGD=107.6317, GD=20.3254, 时间=4.82s
2025-06-26 08:57:16,613 - INFO - 实验24-运行4: LR=0.00010, Decay=0.9970, Groups=[0.2, 0.5, 0.2, 0.1], Gamma=0.800
2025-06-26 08:57:21,106 - INFO - 实验24-运行4完成: HV=0.9570, IGD=157.3695, GD=31.1857, 时间=4.49s
2025-06-26 08:57:21,106 - INFO - 实验24-运行5: LR=0.00010, Decay=0.9970, Groups=[0.2, 0.5, 0.2, 0.1], Gamma=0.800
2025-06-26 08:57:25,572 - INFO - 实验24-运行5完成: HV=0.9604, IGD=139.4704, GD=21.9675, 时间=4.46s
2025-06-26 08:57:25,573 - INFO - 实验组24完成: 平均HV=0.9636, 平均IGD=124.8714, 平均GD=18.4919, 综合得分=0.9173, SNR=-0.75
2025-06-26 08:57:25,573 - INFO - 进度: 24/81
2025-06-26 08:57:25,573 - INFO - 开始实验组25 (25/81)
2025-06-26 08:57:25,573 - INFO - 实验25-运行1: LR=0.00010, Decay=0.9990, Groups=[0.15, 0.55, 0.2, 0.1], Gamma=0.950
2025-06-26 08:57:30,874 - INFO - 实验25-运行1完成: HV=0.9626, IGD=130.2449, GD=21.6855, 时间=5.30s
2025-06-26 08:57:30,875 - INFO - 实验25-运行2: LR=0.00010, Decay=0.9990, Groups=[0.15, 0.55, 0.2, 0.1], Gamma=0.950
2025-06-26 08:57:35,279 - INFO - 实验25-运行2完成: HV=0.9667, IGD=105.2472, GD=6.7572, 时间=4.40s
2025-06-26 08:57:35,279 - INFO - 实验25-运行3: LR=0.00010, Decay=0.9990, Groups=[0.15, 0.55, 0.2, 0.1], Gamma=0.950
2025-06-26 08:57:40,410 - INFO - 实验25-运行3完成: HV=1.0000, IGD=0.0000, GD=0.0000, 时间=5.13s
2025-06-26 08:57:40,411 - INFO - 实验25-运行4: LR=0.00010, Decay=0.9990, Groups=[0.15, 0.55, 0.2, 0.1], Gamma=0.950
2025-06-26 08:57:45,054 - INFO - 实验25-运行4完成: HV=0.9667, IGD=106.5970, GD=10.3576, 时间=4.64s
2025-06-26 08:57:45,055 - INFO - 实验25-运行5: LR=0.00010, Decay=0.9990, Groups=[0.15, 0.55, 0.2, 0.1], Gamma=0.950
2025-06-26 08:57:50,129 - INFO - 实验25-运行5完成: HV=1.0000, IGD=0.0000, GD=0.0000, 时间=5.07s
2025-06-26 08:57:50,130 - INFO - 实验组25完成: 平均HV=0.9792, 平均IGD=68.4178, 平均GD=7.7601, 综合得分=0.9560, SNR=-0.39
2025-06-26 08:57:50,130 - INFO - 进度: 25/81
2025-06-26 08:57:50,130 - INFO - 开始实验组26 (26/81)
2025-06-26 08:57:50,130 - INFO - 实验26-运行1: LR=0.00010, Decay=0.9995, Groups=[0.8, 0.1, 0.07, 0.03], Gamma=0.995
2025-06-26 08:57:55,506 - INFO - 实验26-运行1完成: HV=0.9583, IGD=151.4810, GD=48.6424, 时间=5.37s
2025-06-26 08:57:55,506 - INFO - 实验26-运行2: LR=0.00010, Decay=0.9995, Groups=[0.8, 0.1, 0.07, 0.03], Gamma=0.995
2025-06-26 08:58:01,264 - INFO - 实验26-运行2完成: HV=0.9629, IGD=131.4715, GD=24.0345, 时间=5.76s
2025-06-26 08:58:01,265 - INFO - 实验26-运行3: LR=0.00010, Decay=0.9995, Groups=[0.8, 0.1, 0.07, 0.03], Gamma=0.995
2025-06-26 08:58:06,582 - INFO - 实验26-运行3完成: HV=0.9664, IGD=111.5090, GD=21.2562, 时间=5.32s
2025-06-26 08:58:06,582 - INFO - 实验26-运行4: LR=0.00010, Decay=0.9995, Groups=[0.8, 0.1, 0.07, 0.03], Gamma=0.995
2025-06-26 08:58:11,298 - INFO - 实验26-运行4完成: HV=0.9706, IGD=90.6388, GD=0.0000, 时间=4.72s
2025-06-26 08:58:11,299 - INFO - 实验26-运行5: LR=0.00010, Decay=0.9995, Groups=[0.8, 0.1, 0.07, 0.03], Gamma=0.995
2025-06-26 08:58:15,553 - INFO - 实验26-运行5完成: HV=0.9658, IGD=113.2242, GD=37.7570, 时间=4.25s
2025-06-26 08:58:15,553 - INFO - 实验组26完成: 平均HV=0.9648, 平均IGD=119.6649, 平均GD=26.3380, 综合得分=0.9086, SNR=-0.83
2025-06-26 08:58:15,553 - INFO - 进度: 26/81
2025-06-26 08:58:15,553 - INFO - 开始实验组27 (27/81)
2025-06-26 08:58:15,553 - INFO - 实验27-运行1: LR=0.00010, Decay=0.9999, Groups=[0.7, 0.15, 0.1, 0.05], Gamma=0.800
2025-06-26 08:58:20,478 - INFO - 实验27-运行1完成: HV=0.9623, IGD=129.4443, GD=13.9044, 时间=4.92s
2025-06-26 08:58:20,480 - INFO - 实验27-运行2: LR=0.00010, Decay=0.9999, Groups=[0.7, 0.15, 0.1, 0.05], Gamma=0.800
2025-06-26 08:58:25,390 - INFO - 实验27-运行2完成: HV=0.9683, IGD=98.9764, GD=9.5296, 时间=4.91s
2025-06-26 08:58:25,390 - INFO - 实验27-运行3: LR=0.00010, Decay=0.9999, Groups=[0.7, 0.15, 0.1, 0.05], Gamma=0.800
2025-06-26 08:58:30,395 - INFO - 实验27-运行3完成: HV=0.9638, IGD=122.5193, GD=35.0309, 时间=5.00s
2025-06-26 08:58:30,395 - INFO - 实验27-运行4: LR=0.00010, Decay=0.9999, Groups=[0.7, 0.15, 0.1, 0.05], Gamma=0.800
2025-06-26 08:58:35,749 - INFO - 实验27-运行4完成: HV=0.9715, IGD=86.9575, GD=0.0000, 时间=5.35s
2025-06-26 08:58:35,749 - INFO - 实验27-运行5: LR=0.00010, Decay=0.9999, Groups=[0.7, 0.15, 0.1, 0.05], Gamma=0.800
2025-06-26 08:58:41,245 - INFO - 实验27-运行5完成: HV=0.9676, IGD=102.4124, GD=10.7824, 时间=5.49s
2025-06-26 08:58:41,245 - INFO - 实验组27完成: 平均HV=0.9667, 平均IGD=108.0620, 平均GD=13.8495, 综合得分=0.9298, SNR=-0.63
2025-06-26 08:58:41,246 - INFO - 进度: 27/81
2025-06-26 08:58:41,246 - INFO - 开始实验组28 (28/81)
2025-06-26 08:58:41,246 - INFO - 实验28-运行1: LR=0.00050, Decay=0.9850, Groups=[0.5, 0.3, 0.15, 0.05], Gamma=0.990
2025-06-26 08:58:47,264 - INFO - 实验28-运行1完成: HV=0.9657, IGD=109.6176, GD=19.3008, 时间=6.02s
2025-06-26 08:58:47,264 - INFO - 实验28-运行2: LR=0.00050, Decay=0.9850, Groups=[0.5, 0.3, 0.15, 0.05], Gamma=0.990
2025-06-26 08:58:52,271 - INFO - 实验28-运行2完成: HV=0.9662, IGD=112.4938, GD=32.4368, 时间=5.01s
2025-06-26 08:58:52,271 - INFO - 实验28-运行3: LR=0.00050, Decay=0.9850, Groups=[0.5, 0.3, 0.15, 0.05], Gamma=0.990
2025-06-26 08:58:57,177 - INFO - 实验28-运行3完成: HV=0.9707, IGD=91.9783, GD=0.0000, 时间=4.91s
2025-06-26 08:58:57,178 - INFO - 实验28-运行4: LR=0.00050, Decay=0.9850, Groups=[0.5, 0.3, 0.15, 0.05], Gamma=0.990
2025-06-26 08:59:03,853 - INFO - 实验28-运行4完成: HV=1.0000, IGD=0.0000, GD=0.0000, 时间=6.67s
2025-06-26 08:59:03,854 - INFO - 实验28-运行5: LR=0.00050, Decay=0.9850, Groups=[0.5, 0.3, 0.15, 0.05], Gamma=0.990
2025-06-26 08:59:08,144 - INFO - 实验28-运行5完成: HV=0.9635, IGD=123.8371, GD=36.9661, 时间=4.29s
2025-06-26 08:59:08,144 - INFO - 实验组28完成: 平均HV=0.9732, 平均IGD=87.5854, 平均GD=17.7408, 综合得分=0.9323, SNR=-0.61
2025-06-26 08:59:08,145 - INFO - 进度: 28/81
2025-06-26 08:59:08,145 - INFO - 开始实验组29 (29/81)
2025-06-26 08:59:08,145 - INFO - 实验29-运行1: LR=0.00050, Decay=0.9880, Groups=[0.45, 0.25, 0.2, 0.1], Gamma=0.750
2025-06-26 08:59:14,025 - INFO - 实验29-运行1完成: HV=0.9640, IGD=121.2425, GD=7.4403, 时间=5.88s
2025-06-26 08:59:14,025 - INFO - 实验29-运行2: LR=0.00050, Decay=0.9880, Groups=[0.45, 0.25, 0.2, 0.1], Gamma=0.750
2025-06-26 08:59:18,612 - INFO - 实验29-运行2完成: HV=0.9656, IGD=114.5784, GD=10.5305, 时间=4.59s
2025-06-26 08:59:18,613 - INFO - 实验29-运行3: LR=0.00050, Decay=0.9880, Groups=[0.45, 0.25, 0.2, 0.1], Gamma=0.750
2025-06-26 08:59:25,079 - INFO - 实验29-运行3完成: HV=0.9673, IGD=105.0520, GD=12.3171, 时间=6.47s
2025-06-26 08:59:25,079 - INFO - 实验29-运行4: LR=0.00050, Decay=0.9880, Groups=[0.45, 0.25, 0.2, 0.1], Gamma=0.750
2025-06-26 08:59:30,319 - INFO - 实验29-运行4完成: HV=0.9612, IGD=136.1949, GD=45.1974, 时间=5.24s
2025-06-26 08:59:30,319 - INFO - 实验29-运行5: LR=0.00050, Decay=0.9880, Groups=[0.45, 0.25, 0.2, 0.1], Gamma=0.750
2025-06-26 08:59:34,398 - INFO - 实验29-运行5完成: HV=0.9652, IGD=115.9782, GD=26.4961, 时间=4.08s
2025-06-26 08:59:34,399 - INFO - 实验组29完成: 平均HV=0.9647, 平均IGD=118.6092, 平均GD=20.3963, 综合得分=0.9166, SNR=-0.76
2025-06-26 08:59:34,399 - INFO - 进度: 29/81
2025-06-26 08:59:34,399 - INFO - 开始实验组30 (30/81)
2025-06-26 08:59:34,399 - INFO - 实验30-运行1: LR=0.00050, Decay=0.9900, Groups=[0.35, 0.4, 0.2, 0.05], Gamma=0.900
2025-06-26 08:59:39,313 - INFO - 实验30-运行1完成: HV=0.9716, IGD=84.8648, GD=0.0000, 时间=4.91s
2025-06-26 08:59:39,314 - INFO - 实验30-运行2: LR=0.00050, Decay=0.9900, Groups=[0.35, 0.4, 0.2, 0.05], Gamma=0.900
2025-06-26 08:59:43,666 - INFO - 实验30-运行2完成: HV=0.9672, IGD=106.4197, GD=2.6201, 时间=4.35s
2025-06-26 08:59:43,666 - INFO - 实验30-运行3: LR=0.00050, Decay=0.9900, Groups=[0.35, 0.4, 0.2, 0.05], Gamma=0.900
2025-06-26 08:59:47,730 - INFO - 实验30-运行3完成: HV=0.9641, IGD=121.1133, GD=7.6831, 时间=4.06s
2025-06-26 08:59:47,731 - INFO - 实验30-运行4: LR=0.00050, Decay=0.9900, Groups=[0.35, 0.4, 0.2, 0.05], Gamma=0.900
2025-06-26 08:59:52,701 - INFO - 实验30-运行4完成: HV=0.9691, IGD=98.6733, GD=14.9706, 时间=4.97s
2025-06-26 08:59:52,701 - INFO - 实验30-运行5: LR=0.00050, Decay=0.9900, Groups=[0.35, 0.4, 0.2, 0.05], Gamma=0.900
2025-06-26 08:59:57,104 - INFO - 实验30-运行5完成: HV=0.9689, IGD=97.7655, GD=8.2513, 时间=4.40s
2025-06-26 08:59:57,104 - INFO - 实验组30完成: 平均HV=0.9682, 平均IGD=101.7673, 平均GD=6.7050, 综合得分=0.9438, SNR=-0.50
2025-06-26 08:59:57,105 - INFO - 进度: 30/81
2025-06-26 08:59:57,105 - INFO - 开始实验组31 (31/81)
2025-06-26 08:59:57,105 - INFO - 实验31-运行1: LR=0.00050, Decay=0.9930, Groups=[0.25, 0.45, 0.2, 0.1], Gamma=0.990
2025-06-26 09:00:02,292 - INFO - 实验31-运行1完成: HV=0.9642, IGD=120.8816, GD=29.4109, 时间=5.19s
2025-06-26 09:00:02,293 - INFO - 实验31-运行2: LR=0.00050, Decay=0.9930, Groups=[0.25, 0.45, 0.2, 0.1], Gamma=0.990
2025-06-26 09:00:07,208 - INFO - 实验31-运行2完成: HV=0.9666, IGD=108.4066, GD=30.1072, 时间=4.92s
2025-06-26 09:00:07,209 - INFO - 实验31-运行3: LR=0.00050, Decay=0.9930, Groups=[0.25, 0.45, 0.2, 0.1], Gamma=0.990
2025-06-26 09:00:11,688 - INFO - 实验31-运行3完成: HV=0.9671, IGD=105.4572, GD=15.6965, 时间=4.48s
2025-06-26 09:00:11,688 - INFO - 实验31-运行4: LR=0.00050, Decay=0.9930, Groups=[0.25, 0.45, 0.2, 0.1], Gamma=0.990
2025-06-26 09:00:16,124 - INFO - 实验31-运行4完成: HV=0.9700, IGD=89.7760, GD=6.0613, 时间=4.44s
2025-06-26 09:00:16,124 - INFO - 实验31-运行5: LR=0.00050, Decay=0.9930, Groups=[0.25, 0.45, 0.2, 0.1], Gamma=0.990
2025-06-26 09:00:21,855 - INFO - 实验31-运行5完成: HV=0.9715, IGD=87.7793, GD=0.0000, 时间=5.73s
2025-06-26 09:00:21,856 - INFO - 实验组31完成: 平均HV=0.9679, 平均IGD=102.4602, 平均GD=16.2552, 综合得分=0.9281, SNR=-0.65
2025-06-26 09:00:21,856 - INFO - 进度: 31/81
2025-06-26 09:00:21,856 - INFO - 开始实验组32 (32/81)
2025-06-26 09:00:21,856 - INFO - 实验32-运行1: LR=0.00050, Decay=0.9950, Groups=[0.2, 0.5, 0.2, 0.1], Gamma=0.750
2025-06-26 09:00:26,926 - INFO - 实验32-运行1完成: HV=0.9702, IGD=91.0027, GD=3.9435, 时间=5.07s
2025-06-26 09:00:26,927 - INFO - 实验32-运行2: LR=0.00050, Decay=0.9950, Groups=[0.2, 0.5, 0.2, 0.1], Gamma=0.750
2025-06-26 09:00:31,528 - INFO - 实验32-运行2完成: HV=0.9634, IGD=127.9188, GD=14.7292, 时间=4.60s
2025-06-26 09:00:31,528 - INFO - 实验32-运行3: LR=0.00050, Decay=0.9950, Groups=[0.2, 0.5, 0.2, 0.1], Gamma=0.750
2025-06-26 09:00:35,866 - INFO - 实验32-运行3完成: HV=0.9600, IGD=142.5149, GD=37.2928, 时间=4.34s
2025-06-26 09:00:35,866 - INFO - 实验32-运行4: LR=0.00050, Decay=0.9950, Groups=[0.2, 0.5, 0.2, 0.1], Gamma=0.750
2025-06-26 09:00:40,902 - INFO - 实验32-运行4完成: HV=0.9690, IGD=100.4036, GD=5.9455, 时间=5.04s
2025-06-26 09:00:40,902 - INFO - 实验32-运行5: LR=0.00050, Decay=0.9950, Groups=[0.2, 0.5, 0.2, 0.1], Gamma=0.750
2025-06-26 09:00:45,951 - INFO - 实验32-运行5完成: HV=1.0000, IGD=0.0000, GD=0.0000, 时间=5.05s
2025-06-26 09:00:45,952 - INFO - 实验组32完成: 平均HV=0.9725, 平均IGD=92.3680, 平均GD=12.3822, 综合得分=0.9388, SNR=-0.55
2025-06-26 09:00:45,952 - INFO - 进度: 32/81
2025-06-26 09:00:45,952 - INFO - 开始实验组33 (33/81)
2025-06-26 09:00:45,952 - INFO - 实验33-运行1: LR=0.00050, Decay=0.9970, Groups=[0.15, 0.55, 0.2, 0.1], Gamma=0.900
2025-06-26 09:00:50,712 - INFO - 实验33-运行1完成: HV=0.9676, IGD=106.3613, GD=19.9237, 时间=4.76s
2025-06-26 09:00:50,713 - INFO - 实验33-运行2: LR=0.00050, Decay=0.9970, Groups=[0.15, 0.55, 0.2, 0.1], Gamma=0.900
2025-06-26 09:00:55,574 - INFO - 实验33-运行2完成: HV=0.9693, IGD=95.4918, GD=4.7193, 时间=4.86s
2025-06-26 09:00:55,575 - INFO - 实验33-运行3: LR=0.00050, Decay=0.9970, Groups=[0.15, 0.55, 0.2, 0.1], Gamma=0.900
2025-06-26 09:01:00,836 - INFO - 实验33-运行3完成: HV=1.0000, IGD=0.0000, GD=0.0000, 时间=5.26s
2025-06-26 09:01:00,836 - INFO - 实验33-运行4: LR=0.00050, Decay=0.9970, Groups=[0.15, 0.55, 0.2, 0.1], Gamma=0.900
2025-06-26 09:01:05,374 - INFO - 实验33-运行4完成: HV=0.9654, IGD=115.9521, GD=16.2805, 时间=4.54s
2025-06-26 09:01:05,375 - INFO - 实验33-运行5: LR=0.00050, Decay=0.9970, Groups=[0.15, 0.55, 0.2, 0.1], Gamma=0.900
2025-06-26 09:01:09,953 - INFO - 实验33-运行5完成: HV=0.9681, IGD=102.7235, GD=5.1032, 时间=4.58s
2025-06-26 09:01:09,953 - INFO - 实验组33完成: 平均HV=0.9741, 平均IGD=84.1057, 平均GD=9.2053, 综合得分=0.9469, SNR=-0.47
2025-06-26 09:01:09,953 - INFO - 进度: 33/81
2025-06-26 09:01:09,953 - INFO - 开始实验组34 (34/81)
2025-06-26 09:01:09,954 - INFO - 实验34-运行1: LR=0.00050, Decay=0.9990, Groups=[0.8, 0.1, 0.07, 0.03], Gamma=0.990
2025-06-26 09:01:15,447 - INFO - 实验34-运行1完成: HV=0.9700, IGD=90.9938, GD=11.9970, 时间=5.49s
2025-06-26 09:01:15,448 - INFO - 实验34-运行2: LR=0.00050, Decay=0.9990, Groups=[0.8, 0.1, 0.07, 0.03], Gamma=0.990
2025-06-26 09:01:20,593 - INFO - 实验34-运行2完成: HV=0.9647, IGD=121.0699, GD=23.7414, 时间=5.14s
2025-06-26 09:01:20,593 - INFO - 实验34-运行3: LR=0.00050, Decay=0.9990, Groups=[0.8, 0.1, 0.07, 0.03], Gamma=0.990
2025-06-26 09:01:25,893 - INFO - 实验34-运行3完成: HV=0.9668, IGD=109.0587, GD=13.1842, 时间=5.30s
2025-06-26 09:01:25,894 - INFO - 实验34-运行4: LR=0.00050, Decay=0.9990, Groups=[0.8, 0.1, 0.07, 0.03], Gamma=0.990
2025-06-26 09:01:30,925 - INFO - 实验34-运行4完成: HV=0.9652, IGD=116.0723, GD=22.1627, 时间=5.03s
2025-06-26 09:01:30,925 - INFO - 实验34-运行5: LR=0.00050, Decay=0.9990, Groups=[0.8, 0.1, 0.07, 0.03], Gamma=0.990
2025-06-26 09:01:36,700 - INFO - 实验34-运行5完成: HV=0.9700, IGD=91.3754, GD=8.7935, 时间=5.77s
2025-06-26 09:01:36,700 - INFO - 实验组34完成: 平均HV=0.9673, 平均IGD=105.7140, 平均GD=15.9757, 综合得分=0.9274, SNR=-0.65
2025-06-26 09:01:36,700 - INFO - 进度: 34/81
2025-06-26 09:01:36,700 - INFO - 开始实验组35 (35/81)
2025-06-26 09:01:36,700 - INFO - 实验35-运行1: LR=0.00050, Decay=0.9995, Groups=[0.7, 0.15, 0.1, 0.05], Gamma=0.750
2025-06-26 09:01:41,298 - INFO - 实验35-运行1完成: HV=0.9697, IGD=96.3636, GD=10.3146, 时间=4.60s
2025-06-26 09:01:41,298 - INFO - 实验35-运行2: LR=0.00050, Decay=0.9995, Groups=[0.7, 0.15, 0.1, 0.05], Gamma=0.750
2025-06-26 09:01:46,006 - INFO - 实验35-运行2完成: HV=0.9689, IGD=95.0087, GD=28.2901, 时间=4.71s
2025-06-26 09:01:46,006 - INFO - 实验35-运行3: LR=0.00050, Decay=0.9995, Groups=[0.7, 0.15, 0.1, 0.05], Gamma=0.750
2025-06-26 09:01:51,008 - INFO - 实验35-运行3完成: HV=0.9614, IGD=134.8996, GD=59.3514, 时间=5.00s
2025-06-26 09:01:51,008 - INFO - 实验35-运行4: LR=0.00050, Decay=0.9995, Groups=[0.7, 0.15, 0.1, 0.05], Gamma=0.750
2025-06-26 09:01:55,479 - INFO - 实验35-运行4完成: HV=0.9670, IGD=103.6515, GD=37.0514, 时间=4.47s
2025-06-26 09:01:55,480 - INFO - 实验35-运行5: LR=0.00050, Decay=0.9995, Groups=[0.7, 0.15, 0.1, 0.05], Gamma=0.750
2025-06-26 09:02:00,028 - INFO - 实验35-运行5完成: HV=0.9631, IGD=127.3715, GD=27.4764, 时间=4.55s
2025-06-26 09:02:00,029 - INFO - 实验组35完成: 平均HV=0.9660, 平均IGD=111.4590, 平均GD=32.4968, 综合得分=0.9039, SNR=-0.88
2025-06-26 09:02:00,029 - INFO - 进度: 35/81
2025-06-26 09:02:00,029 - INFO - 开始实验组36 (36/81)
2025-06-26 09:02:00,029 - INFO - 实验36-运行1: LR=0.00050, Decay=0.9999, Groups=[0.6, 0.2, 0.15, 0.05], Gamma=0.900
2025-06-26 09:02:05,224 - INFO - 实验36-运行1完成: HV=0.9665, IGD=109.4755, GD=15.1619, 时间=5.20s
2025-06-26 09:02:05,224 - INFO - 实验36-运行2: LR=0.00050, Decay=0.9999, Groups=[0.6, 0.2, 0.15, 0.05], Gamma=0.900
2025-06-26 09:02:10,676 - INFO - 实验36-运行2完成: HV=0.9682, IGD=100.3165, GD=8.8193, 时间=5.45s
2025-06-26 09:02:10,676 - INFO - 实验36-运行3: LR=0.00050, Decay=0.9999, Groups=[0.6, 0.2, 0.15, 0.05], Gamma=0.900
2025-06-26 09:02:15,367 - INFO - 实验36-运行3完成: HV=0.9637, IGD=121.3645, GD=45.5406, 时间=4.69s
2025-06-26 09:02:15,367 - INFO - 实验36-运行4: LR=0.00050, Decay=0.9999, Groups=[0.6, 0.2, 0.15, 0.05], Gamma=0.900
2025-06-26 09:02:20,453 - INFO - 实验36-运行4完成: HV=0.9628, IGD=129.8776, GD=14.4239, 时间=5.09s
2025-06-26 09:02:20,453 - INFO - 实验36-运行5: LR=0.00050, Decay=0.9999, Groups=[0.6, 0.2, 0.15, 0.05], Gamma=0.900
2025-06-26 09:02:25,235 - INFO - 实验36-运行5完成: HV=0.9630, IGD=126.6118, GD=26.3066, 时间=4.78s
2025-06-26 09:02:25,236 - INFO - 实验组36完成: 平均HV=0.9648, 平均IGD=117.5292, 平均GD=22.0505, 综合得分=0.9147, SNR=-0.77
2025-06-26 09:02:25,236 - INFO - 进度: 36/81
2025-06-26 09:02:25,236 - INFO - 开始实验组37 (37/81)
2025-06-26 09:02:25,236 - INFO - 实验37-运行1: LR=0.00100, Decay=0.9850, Groups=[0.45, 0.25, 0.2, 0.1], Gamma=0.999
2025-06-26 09:02:29,568 - INFO - 实验37-运行1完成: HV=0.9671, IGD=106.9847, GD=15.7649, 时间=4.33s
2025-06-26 09:02:29,568 - INFO - 实验37-运行2: LR=0.00100, Decay=0.9850, Groups=[0.45, 0.25, 0.2, 0.1], Gamma=0.999
2025-06-26 09:02:34,278 - INFO - 实验37-运行2完成: HV=0.9645, IGD=119.5668, GD=18.1847, 时间=4.71s
2025-06-26 09:02:34,279 - INFO - 实验37-运行3: LR=0.00100, Decay=0.9850, Groups=[0.45, 0.25, 0.2, 0.1], Gamma=0.999
2025-06-26 09:02:38,417 - INFO - 实验37-运行3完成: HV=0.9652, IGD=116.3637, GD=23.1787, 时间=4.14s
2025-06-26 09:02:38,417 - INFO - 实验37-运行4: LR=0.00100, Decay=0.9850, Groups=[0.45, 0.25, 0.2, 0.1], Gamma=0.999
2025-06-26 09:02:43,486 - INFO - 实验37-运行4完成: HV=0.9696, IGD=92.3427, GD=4.0754, 时间=5.07s
2025-06-26 09:02:43,487 - INFO - 实验37-运行5: LR=0.00100, Decay=0.9850, Groups=[0.45, 0.25, 0.2, 0.1], Gamma=0.999
2025-06-26 09:02:48,424 - INFO - 实验37-运行5完成: HV=0.9681, IGD=101.8882, GD=28.4792, 时间=4.94s
2025-06-26 09:02:48,424 - INFO - 实验组37完成: 平均HV=0.9669, 平均IGD=107.4292, 平均GD=17.9366, 综合得分=0.9239, SNR=-0.69
2025-06-26 09:02:48,424 - INFO - 进度: 37/81
2025-06-26 09:02:48,425 - INFO - 开始实验组38 (38/81)
2025-06-26 09:02:48,425 - INFO - 实验38-运行1: LR=0.00100, Decay=0.9880, Groups=[0.35, 0.4, 0.2, 0.05], Gamma=0.850
2025-06-26 09:02:55,021 - INFO - 实验38-运行1完成: HV=0.9651, IGD=116.7117, GD=13.3248, 时间=6.60s
2025-06-26 09:02:55,022 - INFO - 实验38-运行2: LR=0.00100, Decay=0.9880, Groups=[0.35, 0.4, 0.2, 0.05], Gamma=0.850
2025-06-26 09:03:00,418 - INFO - 实验38-运行2完成: HV=1.0000, IGD=0.0000, GD=0.0000, 时间=5.39s
2025-06-26 09:03:00,418 - INFO - 实验38-运行3: LR=0.00100, Decay=0.9880, Groups=[0.35, 0.4, 0.2, 0.05], Gamma=0.850
2025-06-26 09:03:05,370 - INFO - 实验38-运行3完成: HV=0.9694, IGD=97.5750, GD=0.0000, 时间=4.95s
2025-06-26 09:03:05,370 - INFO - 实验38-运行4: LR=0.00100, Decay=0.9880, Groups=[0.35, 0.4, 0.2, 0.05], Gamma=0.850
2025-06-26 09:03:11,519 - INFO - 实验38-运行4完成: HV=0.9672, IGD=105.0801, GD=21.8325, 时间=6.15s
2025-06-26 09:03:11,519 - INFO - 实验38-运行5: LR=0.00100, Decay=0.9880, Groups=[0.35, 0.4, 0.2, 0.05], Gamma=0.850
2025-06-26 09:03:15,545 - INFO - 实验38-运行5完成: HV=0.9592, IGD=146.0188, GD=27.5452, 时间=4.02s
2025-06-26 09:03:15,545 - INFO - 实验组38完成: 平均HV=0.9722, 平均IGD=93.0771, 平均GD=12.5405, 综合得分=0.9383, SNR=-0.55
2025-06-26 09:03:15,545 - INFO - 进度: 38/81
2025-06-26 09:03:15,545 - INFO - 开始实验组39 (39/81)
2025-06-26 09:03:15,545 - INFO - 实验39-运行1: LR=0.00100, Decay=0.9900, Groups=[0.25, 0.45, 0.2, 0.1], Gamma=0.980
2025-06-26 09:03:21,261 - INFO - 实验39-运行1完成: HV=1.0000, IGD=0.0000, GD=0.0000, 时间=5.71s
2025-06-26 09:03:21,262 - INFO - 实验39-运行2: LR=0.00100, Decay=0.9900, Groups=[0.25, 0.45, 0.2, 0.1], Gamma=0.980
2025-06-26 09:03:26,539 - INFO - 实验39-运行2完成: HV=1.0000, IGD=0.0000, GD=0.0000, 时间=5.28s
2025-06-26 09:03:26,540 - INFO - 实验39-运行3: LR=0.00100, Decay=0.9900, Groups=[0.25, 0.45, 0.2, 0.1], Gamma=0.980
2025-06-26 09:03:31,762 - INFO - 实验39-运行3完成: HV=1.0000, IGD=0.0000, GD=0.0000, 时间=5.22s
2025-06-26 09:03:31,762 - INFO - 实验39-运行4: LR=0.00100, Decay=0.9900, Groups=[0.25, 0.45, 0.2, 0.1], Gamma=0.980
2025-06-26 09:03:36,649 - INFO - 实验39-运行4完成: HV=0.9654, IGD=114.2432, GD=18.8886, 时间=4.89s
2025-06-26 09:03:36,651 - INFO - 实验39-运行5: LR=0.00100, Decay=0.9900, Groups=[0.25, 0.45, 0.2, 0.1], Gamma=0.980
2025-06-26 09:03:40,764 - INFO - 实验39-运行5完成: HV=0.9673, IGD=104.6284, GD=7.7081, 时间=4.11s
2025-06-26 09:03:40,765 - INFO - 实验组39完成: 平均HV=0.9865, 平均IGD=43.7743, 平均GD=5.3193, 综合得分=0.9706, SNR=-0.26
2025-06-26 09:03:40,765 - INFO - 进度: 39/81
2025-06-26 09:03:40,765 - INFO - 开始实验组40 (40/81)
2025-06-26 09:03:40,765 - INFO - 实验40-运行1: LR=0.00100, Decay=0.9930, Groups=[0.2, 0.5, 0.2, 0.1], Gamma=0.999
2025-06-26 09:03:46,109 - INFO - 实验40-运行1完成: HV=0.9689, IGD=99.3809, GD=8.9148, 时间=5.34s
2025-06-26 09:03:46,110 - INFO - 实验40-运行2: LR=0.00100, Decay=0.9930, Groups=[0.2, 0.5, 0.2, 0.1], Gamma=0.999
2025-06-26 09:03:51,728 - INFO - 实验40-运行2完成: HV=1.0000, IGD=0.0000, GD=0.0000, 时间=5.62s
2025-06-26 09:03:51,729 - INFO - 实验40-运行3: LR=0.00100, Decay=0.9930, Groups=[0.2, 0.5, 0.2, 0.1], Gamma=0.999
2025-06-26 09:03:56,289 - INFO - 实验40-运行3完成: HV=1.0000, IGD=0.0000, GD=0.0000, 时间=4.56s
2025-06-26 09:03:56,290 - INFO - 实验40-运行4: LR=0.00100, Decay=0.9930, Groups=[0.2, 0.5, 0.2, 0.1], Gamma=0.999
2025-06-26 09:04:01,152 - INFO - 实验40-运行4完成: HV=0.9676, IGD=101.9031, GD=15.7093, 时间=4.86s
2025-06-26 09:04:01,152 - INFO - 实验40-运行5: LR=0.00100, Decay=0.9930, Groups=[0.2, 0.5, 0.2, 0.1], Gamma=0.999
2025-06-26 09:04:05,368 - INFO - 实验40-运行5完成: HV=0.9709, IGD=87.8478, GD=0.4861, 时间=4.21s
2025-06-26 09:04:05,368 - INFO - 实验组40完成: 平均HV=0.9815, 平均IGD=57.8264, 平均GD=5.0221, 综合得分=0.9648, SNR=-0.31
2025-06-26 09:04:05,368 - INFO - 进度: 40/81
2025-06-26 09:04:05,368 - INFO - 开始实验组41 (41/81)
2025-06-26 09:04:05,368 - INFO - 实验41-运行1: LR=0.00100, Decay=0.9950, Groups=[0.15, 0.55, 0.2, 0.1], Gamma=0.850
2025-06-26 09:04:10,016 - INFO - 实验41-运行1完成: HV=0.9655, IGD=114.5420, GD=11.2178, 时间=4.65s
2025-06-26 09:04:10,016 - INFO - 实验41-运行2: LR=0.00100, Decay=0.9950, Groups=[0.15, 0.55, 0.2, 0.1], Gamma=0.850
2025-06-26 09:04:15,050 - INFO - 实验41-运行2完成: HV=0.9672, IGD=107.3585, GD=9.8590, 时间=5.03s
2025-06-26 09:04:15,051 - INFO - 实验41-运行3: LR=0.00100, Decay=0.9950, Groups=[0.15, 0.55, 0.2, 0.1], Gamma=0.850
2025-06-26 09:04:20,018 - INFO - 实验41-运行3完成: HV=0.9710, IGD=88.0599, GD=0.7831, 时间=4.97s
2025-06-26 09:04:20,018 - INFO - 实验41-运行4: LR=0.00100, Decay=0.9950, Groups=[0.15, 0.55, 0.2, 0.1], Gamma=0.850
2025-06-26 09:04:24,890 - INFO - 实验41-运行4完成: HV=0.9683, IGD=101.9572, GD=6.7027, 时间=4.87s
2025-06-26 09:04:24,891 - INFO - 实验41-运行5: LR=0.00100, Decay=0.9950, Groups=[0.15, 0.55, 0.2, 0.1], Gamma=0.850
2025-06-26 09:04:29,834 - INFO - 实验41-运行5完成: HV=0.9664, IGD=110.2623, GD=20.4338, 时间=4.94s
2025-06-26 09:04:29,835 - INFO - 实验组41完成: 平均HV=0.9677, 平均IGD=104.4360, 平均GD=9.7993, 综合得分=0.9376, SNR=-0.56
2025-06-26 09:04:29,835 - INFO - 进度: 41/81
2025-06-26 09:04:29,835 - INFO - 开始实验组42 (42/81)
2025-06-26 09:04:29,835 - INFO - 实验42-运行1: LR=0.00100, Decay=0.9970, Groups=[0.8, 0.1, 0.07, 0.03], Gamma=0.980
2025-06-26 09:04:34,974 - INFO - 实验42-运行1完成: HV=0.9581, IGD=153.8696, GD=36.5334, 时间=5.14s
2025-06-26 09:04:34,975 - INFO - 实验42-运行2: LR=0.00100, Decay=0.9970, Groups=[0.8, 0.1, 0.07, 0.03], Gamma=0.980
2025-06-26 09:04:39,295 - INFO - 实验42-运行2完成: HV=0.9670, IGD=108.3117, GD=11.9321, 时间=4.32s
2025-06-26 09:04:39,296 - INFO - 实验42-运行3: LR=0.00100, Decay=0.9970, Groups=[0.8, 0.1, 0.07, 0.03], Gamma=0.980
2025-06-26 09:04:44,154 - INFO - 实验42-运行3完成: HV=0.9671, IGD=104.7543, GD=8.8532, 时间=4.86s
2025-06-26 09:04:44,155 - INFO - 实验42-运行4: LR=0.00100, Decay=0.9970, Groups=[0.8, 0.1, 0.07, 0.03], Gamma=0.980
2025-06-26 09:04:49,336 - INFO - 实验42-运行4完成: HV=0.9682, IGD=99.5523, GD=18.0023, 时间=5.18s
2025-06-26 09:04:49,336 - INFO - 实验42-运行5: LR=0.00100, Decay=0.9970, Groups=[0.8, 0.1, 0.07, 0.03], Gamma=0.980
2025-06-26 09:04:54,609 - INFO - 实验42-运行5完成: HV=0.9698, IGD=93.7194, GD=7.4904, 时间=5.27s
2025-06-26 09:04:54,610 - INFO - 实验组42完成: 平均HV=0.9661, 平均IGD=112.0414, 平均GD=16.5623, 综合得分=0.9244, SNR=-0.68
2025-06-26 09:04:54,610 - INFO - 进度: 42/81
2025-06-26 09:04:54,610 - INFO - 开始实验组43 (43/81)
2025-06-26 09:04:54,610 - INFO - 实验43-运行1: LR=0.00100, Decay=0.9990, Groups=[0.7, 0.15, 0.1, 0.05], Gamma=0.999
2025-06-26 09:04:59,461 - INFO - 实验43-运行1完成: HV=0.9651, IGD=117.7205, GD=6.8459, 时间=4.85s
2025-06-26 09:04:59,461 - INFO - 实验43-运行2: LR=0.00100, Decay=0.9990, Groups=[0.7, 0.15, 0.1, 0.05], Gamma=0.999
2025-06-26 09:05:03,645 - INFO - 实验43-运行2完成: HV=0.9656, IGD=111.8655, GD=25.6843, 时间=4.18s
2025-06-26 09:05:03,646 - INFO - 实验43-运行3: LR=0.00100, Decay=0.9990, Groups=[0.7, 0.15, 0.1, 0.05], Gamma=0.999
2025-06-26 09:05:07,739 - INFO - 实验43-运行3完成: HV=0.9651, IGD=116.4118, GD=19.5898, 时间=4.09s
2025-06-26 09:05:07,739 - INFO - 实验43-运行4: LR=0.00100, Decay=0.9990, Groups=[0.7, 0.15, 0.1, 0.05], Gamma=0.999
2025-06-26 09:05:12,175 - INFO - 实验43-运行4完成: HV=0.9544, IGD=172.1694, GD=37.7992, 时间=4.44s
2025-06-26 09:05:12,176 - INFO - 实验43-运行5: LR=0.00100, Decay=0.9990, Groups=[0.7, 0.15, 0.1, 0.05], Gamma=0.999
2025-06-26 09:05:17,925 - INFO - 实验43-运行5完成: HV=0.9674, IGD=105.6650, GD=7.8459, 时间=5.75s
2025-06-26 09:05:17,925 - INFO - 实验组43完成: 平均HV=0.9635, 平均IGD=124.7665, 平均GD=19.5530, 综合得分=0.9158, SNR=-0.76
2025-06-26 09:05:17,925 - INFO - 进度: 43/81
2025-06-26 09:05:17,925 - INFO - 开始实验组44 (44/81)
2025-06-26 09:05:17,925 - INFO - 实验44-运行1: LR=0.00100, Decay=0.9995, Groups=[0.6, 0.2, 0.15, 0.05], Gamma=0.850
2025-06-26 09:05:23,509 - INFO - 实验44-运行1完成: HV=1.0000, IGD=0.0000, GD=0.0000, 时间=5.58s
2025-06-26 09:05:23,510 - INFO - 实验44-运行2: LR=0.00100, Decay=0.9995, Groups=[0.6, 0.2, 0.15, 0.05], Gamma=0.850
2025-06-26 09:05:28,064 - INFO - 实验44-运行2完成: HV=0.9610, IGD=137.4734, GD=5.6732, 时间=4.55s
2025-06-26 09:05:28,064 - INFO - 实验44-运行3: LR=0.00100, Decay=0.9995, Groups=[0.6, 0.2, 0.15, 0.05], Gamma=0.850
2025-06-26 09:05:33,315 - INFO - 实验44-运行3完成: HV=0.9662, IGD=113.8465, GD=8.5356, 时间=5.25s
2025-06-26 09:05:33,315 - INFO - 实验44-运行4: LR=0.00100, Decay=0.9995, Groups=[0.6, 0.2, 0.15, 0.05], Gamma=0.850
2025-06-26 09:05:37,627 - INFO - 实验44-运行4完成: HV=0.9639, IGD=123.5892, GD=12.3852, 时间=4.31s
2025-06-26 09:05:37,628 - INFO - 实验44-运行5: LR=0.00100, Decay=0.9995, Groups=[0.6, 0.2, 0.15, 0.05], Gamma=0.850
2025-06-26 09:05:41,907 - INFO - 实验44-运行5完成: HV=0.9612, IGD=135.6032, GD=51.3829, 时间=4.28s
2025-06-26 09:05:41,908 - INFO - 实验组44完成: 平均HV=0.9704, 平均IGD=102.1025, 平均GD=15.5954, 综合得分=0.9304, SNR=-0.63
2025-06-26 09:05:41,908 - INFO - 进度: 44/81
2025-06-26 09:05:41,908 - INFO - 开始实验组45 (45/81)
2025-06-26 09:05:41,908 - INFO - 实验45-运行1: LR=0.00100, Decay=0.9999, Groups=[0.5, 0.3, 0.15, 0.05], Gamma=0.980
2025-06-26 09:05:46,386 - INFO - 实验45-运行1完成: HV=1.0000, IGD=0.0000, GD=0.0000, 时间=4.48s
2025-06-26 09:05:46,386 - INFO - 实验45-运行2: LR=0.00100, Decay=0.9999, Groups=[0.5, 0.3, 0.15, 0.05], Gamma=0.980
2025-06-26 09:05:50,838 - INFO - 实验45-运行2完成: HV=0.9627, IGD=128.6019, GD=21.1158, 时间=4.45s
2025-06-26 09:05:50,839 - INFO - 实验45-运行3: LR=0.00100, Decay=0.9999, Groups=[0.5, 0.3, 0.15, 0.05], Gamma=0.980
2025-06-26 09:05:55,755 - INFO - 实验45-运行3完成: HV=0.9639, IGD=121.9326, GD=27.4548, 时间=4.92s
2025-06-26 09:05:55,755 - INFO - 实验45-运行4: LR=0.00100, Decay=0.9999, Groups=[0.5, 0.3, 0.15, 0.05], Gamma=0.980
2025-06-26 09:06:00,376 - INFO - 实验45-运行4完成: HV=0.9671, IGD=108.6581, GD=4.2946, 时间=4.62s
2025-06-26 09:06:00,376 - INFO - 实验45-运行5: LR=0.00100, Decay=0.9999, Groups=[0.5, 0.3, 0.15, 0.05], Gamma=0.980
2025-06-26 09:06:05,625 - INFO - 实验45-运行5完成: HV=0.9572, IGD=157.4804, GD=60.5423, 时间=5.25s
2025-06-26 09:06:05,626 - INFO - 实验组45完成: 平均HV=0.9702, 平均IGD=103.3346, 平均GD=22.6815, 综合得分=0.9200, SNR=-0.72
2025-06-26 09:06:05,626 - INFO - 进度: 45/81
2025-06-26 09:06:05,626 - INFO - 开始实验组46 (46/81)
2025-06-26 09:06:05,626 - INFO - 实验46-运行1: LR=0.00200, Decay=0.9850, Groups=[0.35, 0.4, 0.2, 0.05], Gamma=0.800
2025-06-26 09:06:11,048 - INFO - 实验46-运行1完成: HV=0.9586, IGD=150.3653, GD=70.9705, 时间=5.42s
2025-06-26 09:06:11,048 - INFO - 实验46-运行2: LR=0.00200, Decay=0.9850, Groups=[0.35, 0.4, 0.2, 0.05], Gamma=0.800
2025-06-26 09:06:14,903 - INFO - 实验46-运行2完成: HV=0.9584, IGD=148.7011, GD=47.5943, 时间=3.85s
2025-06-26 09:06:14,903 - INFO - 实验46-运行3: LR=0.00200, Decay=0.9850, Groups=[0.35, 0.4, 0.2, 0.05], Gamma=0.800
2025-06-26 09:06:20,310 - INFO - 实验46-运行3完成: HV=0.9583, IGD=150.5405, GD=19.8536, 时间=5.41s
2025-06-26 09:06:20,310 - INFO - 实验46-运行4: LR=0.00200, Decay=0.9850, Groups=[0.35, 0.4, 0.2, 0.05], Gamma=0.800
2025-06-26 09:06:25,088 - INFO - 实验46-运行4完成: HV=0.9603, IGD=141.0607, GD=27.0901, 时间=4.78s
2025-06-26 09:06:25,088 - INFO - 实验46-运行5: LR=0.00200, Decay=0.9850, Groups=[0.35, 0.4, 0.2, 0.05], Gamma=0.800
2025-06-26 09:06:31,999 - INFO - 实验46-运行5完成: HV=0.9693, IGD=97.0029, GD=1.0104, 时间=6.91s
2025-06-26 09:06:31,999 - INFO - 实验组46完成: 平均HV=0.9610, 平均IGD=137.5341, 平均GD=33.3038, 综合得分=0.8942, SNR=-0.97
2025-06-26 09:06:31,999 - INFO - 进度: 46/81
2025-06-26 09:06:31,999 - INFO - 开始实验组47 (47/81)
2025-06-26 09:06:32,000 - INFO - 实验47-运行1: LR=0.00200, Decay=0.9880, Groups=[0.25, 0.45, 0.2, 0.1], Gamma=0.950
2025-06-26 09:06:36,928 - INFO - 实验47-运行1完成: HV=1.0000, IGD=0.0000, GD=0.0000, 时间=4.93s
2025-06-26 09:06:36,929 - INFO - 实验47-运行2: LR=0.00200, Decay=0.9880, Groups=[0.25, 0.45, 0.2, 0.1], Gamma=0.950
2025-06-26 09:06:42,110 - INFO - 实验47-运行2完成: HV=0.9697, IGD=95.7124, GD=1.2815, 时间=5.18s
2025-06-26 09:06:42,110 - INFO - 实验47-运行3: LR=0.00200, Decay=0.9880, Groups=[0.25, 0.45, 0.2, 0.1], Gamma=0.950
2025-06-26 09:06:46,676 - INFO - 实验47-运行3完成: HV=0.9569, IGD=157.2314, GD=36.4027, 时间=4.56s
2025-06-26 09:06:46,676 - INFO - 实验47-运行4: LR=0.00200, Decay=0.9880, Groups=[0.25, 0.45, 0.2, 0.1], Gamma=0.950
2025-06-26 09:06:50,967 - INFO - 实验47-运行4完成: HV=0.9716, IGD=83.9586, GD=6.2185, 时间=4.29s
2025-06-26 09:06:50,968 - INFO - 实验47-运行5: LR=0.00200, Decay=0.9880, Groups=[0.25, 0.45, 0.2, 0.1], Gamma=0.950
2025-06-26 09:06:55,927 - INFO - 实验47-运行5完成: HV=0.9614, IGD=135.1343, GD=42.5229, 时间=4.96s
2025-06-26 09:06:55,927 - INFO - 实验组47完成: 平均HV=0.9719, 平均IGD=94.4073, 平均GD=17.2851, 综合得分=0.9306, SNR=-0.62
2025-06-26 09:06:55,927 - INFO - 进度: 47/81
2025-06-26 09:06:55,928 - INFO - 开始实验组48 (48/81)
2025-06-26 09:06:55,928 - INFO - 实验48-运行1: LR=0.00200, Decay=0.9900, Groups=[0.2, 0.5, 0.2, 0.1], Gamma=0.995
2025-06-26 09:07:01,049 - INFO - 实验48-运行1完成: HV=1.0000, IGD=0.0000, GD=0.0000, 时间=5.12s
2025-06-26 09:07:01,049 - INFO - 实验48-运行2: LR=0.00200, Decay=0.9900, Groups=[0.2, 0.5, 0.2, 0.1], Gamma=0.995
2025-06-26 09:07:06,167 - INFO - 实验48-运行2完成: HV=1.0000, IGD=0.0000, GD=0.0000, 时间=5.12s
2025-06-26 09:07:06,168 - INFO - 实验48-运行3: LR=0.00200, Decay=0.9900, Groups=[0.2, 0.5, 0.2, 0.1], Gamma=0.995
2025-06-26 09:07:11,074 - INFO - 实验48-运行3完成: HV=0.9705, IGD=91.3388, GD=1.4550, 时间=4.91s
2025-06-26 09:07:11,075 - INFO - 实验48-运行4: LR=0.00200, Decay=0.9900, Groups=[0.2, 0.5, 0.2, 0.1], Gamma=0.995
2025-06-26 09:07:15,851 - INFO - 实验48-运行4完成: HV=0.9674, IGD=106.1187, GD=7.2880, 时间=4.78s
2025-06-26 09:07:15,851 - INFO - 实验48-运行5: LR=0.00200, Decay=0.9900, Groups=[0.2, 0.5, 0.2, 0.1], Gamma=0.995
2025-06-26 09:07:21,351 - INFO - 实验48-运行5完成: HV=0.9631, IGD=125.6408, GD=29.6548, 时间=5.50s
2025-06-26 09:07:21,352 - INFO - 实验组48完成: 平均HV=0.9802, 平均IGD=64.6197, 平均GD=7.6796, 综合得分=0.9576, SNR=-0.38
2025-06-26 09:07:21,352 - INFO - 进度: 48/81
2025-06-26 09:07:21,352 - INFO - 开始实验组49 (49/81)
2025-06-26 09:07:21,352 - INFO - 实验49-运行1: LR=0.00200, Decay=0.9930, Groups=[0.15, 0.55, 0.2, 0.1], Gamma=0.800
2025-06-26 09:07:26,720 - INFO - 实验49-运行1完成: HV=0.9641, IGD=120.9802, GD=17.9762, 时间=5.37s
2025-06-26 09:07:26,721 - INFO - 实验49-运行2: LR=0.00200, Decay=0.9930, Groups=[0.15, 0.55, 0.2, 0.1], Gamma=0.800
2025-06-26 09:07:32,033 - INFO - 实验49-运行2完成: HV=0.9714, IGD=87.2859, GD=7.2070, 时间=5.31s
2025-06-26 09:07:32,033 - INFO - 实验49-运行3: LR=0.00200, Decay=0.9930, Groups=[0.15, 0.55, 0.2, 0.1], Gamma=0.800
2025-06-26 09:07:36,816 - INFO - 实验49-运行3完成: HV=0.9663, IGD=112.9157, GD=11.9623, 时间=4.78s
2025-06-26 09:07:36,816 - INFO - 实验49-运行4: LR=0.00200, Decay=0.9930, Groups=[0.15, 0.55, 0.2, 0.1], Gamma=0.800
2025-06-26 09:07:41,647 - INFO - 实验49-运行4完成: HV=0.9629, IGD=129.0924, GD=9.4907, 时间=4.83s
2025-06-26 09:07:41,648 - INFO - 实验49-运行5: LR=0.00200, Decay=0.9930, Groups=[0.15, 0.55, 0.2, 0.1], Gamma=0.800
2025-06-26 09:07:47,280 - INFO - 实验49-运行5完成: HV=0.9663, IGD=110.7129, GD=7.9923, 时间=5.63s
2025-06-26 09:07:47,280 - INFO - 实验组49完成: 平均HV=0.9662, 平均IGD=112.1974, 平均GD=10.9257, 综合得分=0.9331, SNR=-0.60
2025-06-26 09:07:47,280 - INFO - 进度: 49/81
2025-06-26 09:07:47,280 - INFO - 开始实验组50 (50/81)
2025-06-26 09:07:47,280 - INFO - 实验50-运行1: LR=0.00200, Decay=0.9950, Groups=[0.8, 0.1, 0.07, 0.03], Gamma=0.950
2025-06-26 09:07:52,053 - INFO - 实验50-运行1完成: HV=0.9685, IGD=100.8292, GD=2.2554, 时间=4.77s
2025-06-26 09:07:52,053 - INFO - 实验50-运行2: LR=0.00200, Decay=0.9950, Groups=[0.8, 0.1, 0.07, 0.03], Gamma=0.950
2025-06-26 09:07:56,236 - INFO - 实验50-运行2完成: HV=0.9620, IGD=129.1925, GD=27.5834, 时间=4.18s
2025-06-26 09:07:56,236 - INFO - 实验50-运行3: LR=0.00200, Decay=0.9950, Groups=[0.8, 0.1, 0.07, 0.03], Gamma=0.950
2025-06-26 09:08:00,829 - INFO - 实验50-运行3完成: HV=0.9636, IGD=125.0890, GD=17.2786, 时间=4.59s
2025-06-26 09:08:00,830 - INFO - 实验50-运行4: LR=0.00200, Decay=0.9950, Groups=[0.8, 0.1, 0.07, 0.03], Gamma=0.950
2025-06-26 09:08:06,486 - INFO - 实验50-运行4完成: HV=0.9613, IGD=136.2682, GD=29.1228, 时间=5.66s
2025-06-26 09:08:06,486 - INFO - 实验50-运行5: LR=0.00200, Decay=0.9950, Groups=[0.8, 0.1, 0.07, 0.03], Gamma=0.950
2025-06-26 09:08:11,692 - INFO - 实验50-运行5完成: HV=0.9650, IGD=117.7582, GD=28.9341, 时间=5.21s
2025-06-26 09:08:11,693 - INFO - 实验组50完成: 平均HV=0.9641, 平均IGD=121.8274, 平均GD=21.0348, 综合得分=0.9147, SNR=-0.77
2025-06-26 09:08:11,693 - INFO - 进度: 50/81
2025-06-26 09:08:11,693 - INFO - 开始实验组51 (51/81)
2025-06-26 09:08:11,693 - INFO - 实验51-运行1: LR=0.00200, Decay=0.9970, Groups=[0.7, 0.15, 0.1, 0.05], Gamma=0.995
2025-06-26 09:08:16,414 - INFO - 实验51-运行1完成: HV=0.9622, IGD=132.4938, GD=36.6407, 时间=4.72s
2025-06-26 09:08:16,414 - INFO - 实验51-运行2: LR=0.00200, Decay=0.9970, Groups=[0.7, 0.15, 0.1, 0.05], Gamma=0.995
2025-06-26 09:08:20,947 - INFO - 实验51-运行2完成: HV=0.9709, IGD=88.3735, GD=5.0108, 时间=4.53s
2025-06-26 09:08:20,947 - INFO - 实验51-运行3: LR=0.00200, Decay=0.9970, Groups=[0.7, 0.15, 0.1, 0.05], Gamma=0.995
2025-06-26 09:08:26,357 - INFO - 实验51-运行3完成: HV=1.0000, IGD=0.0000, GD=0.0000, 时间=5.41s
2025-06-26 09:08:26,357 - INFO - 实验51-运行4: LR=0.00200, Decay=0.9970, Groups=[0.7, 0.15, 0.1, 0.05], Gamma=0.995
2025-06-26 09:08:30,700 - INFO - 实验51-运行4完成: HV=0.9595, IGD=144.9529, GD=65.2969, 时间=4.34s
2025-06-26 09:08:30,700 - INFO - 实验51-运行5: LR=0.00200, Decay=0.9970, Groups=[0.7, 0.15, 0.1, 0.05], Gamma=0.995
2025-06-26 09:08:35,320 - INFO - 实验51-运行5完成: HV=0.9659, IGD=110.1237, GD=36.8782, 时间=4.62s
2025-06-26 09:08:35,321 - INFO - 实验组51完成: 平均HV=0.9717, 平均IGD=95.1888, 平均GD=28.7653, 综合得分=0.9151, SNR=-0.77
2025-06-26 09:08:35,321 - INFO - 进度: 51/81
2025-06-26 09:08:35,321 - INFO - 开始实验组52 (52/81)
2025-06-26 09:08:35,321 - INFO - 实验52-运行1: LR=0.00200, Decay=0.9990, Groups=[0.6, 0.2, 0.15, 0.05], Gamma=0.800
2025-06-26 09:08:40,423 - INFO - 实验52-运行1完成: HV=0.9628, IGD=126.9220, GD=16.8539, 时间=5.10s
2025-06-26 09:08:40,424 - INFO - 实验52-运行2: LR=0.00200, Decay=0.9990, Groups=[0.6, 0.2, 0.15, 0.05], Gamma=0.800
2025-06-26 09:08:45,528 - INFO - 实验52-运行2完成: HV=0.9611, IGD=137.3579, GD=14.3356, 时间=5.10s
2025-06-26 09:08:45,528 - INFO - 实验52-运行3: LR=0.00200, Decay=0.9990, Groups=[0.6, 0.2, 0.15, 0.05], Gamma=0.800
2025-06-26 09:08:49,608 - INFO - 实验52-运行3完成: HV=0.9624, IGD=131.3260, GD=5.6796, 时间=4.08s
2025-06-26 09:08:49,609 - INFO - 实验52-运行4: LR=0.00200, Decay=0.9990, Groups=[0.6, 0.2, 0.15, 0.05], Gamma=0.800
2025-06-26 09:08:55,250 - INFO - 实验52-运行4完成: HV=1.0000, IGD=0.0000, GD=0.0000, 时间=5.64s
2025-06-26 09:08:55,251 - INFO - 实验52-运行5: LR=0.00200, Decay=0.9990, Groups=[0.6, 0.2, 0.15, 0.05], Gamma=0.800
2025-06-26 09:09:00,224 - INFO - 实验52-运行5完成: HV=0.9609, IGD=136.9924, GD=40.8137, 时间=4.97s
2025-06-26 09:09:00,225 - INFO - 实验组52完成: 平均HV=0.9695, 平均IGD=106.5197, 平均GD=15.5366, 综合得分=0.9290, SNR=-0.64
2025-06-26 09:09:00,225 - INFO - 进度: 52/81
2025-06-26 09:09:00,225 - INFO - 开始实验组53 (53/81)
2025-06-26 09:09:00,225 - INFO - 实验53-运行1: LR=0.00200, Decay=0.9995, Groups=[0.5, 0.3, 0.15, 0.05], Gamma=0.950
2025-06-26 09:09:05,262 - INFO - 实验53-运行1完成: HV=1.0000, IGD=0.0000, GD=0.0000, 时间=5.04s
2025-06-26 09:09:05,262 - INFO - 实验53-运行2: LR=0.00200, Decay=0.9995, Groups=[0.5, 0.3, 0.15, 0.05], Gamma=0.950
2025-06-26 09:09:10,276 - INFO - 实验53-运行2完成: HV=1.0000, IGD=0.0000, GD=0.0000, 时间=5.01s
2025-06-26 09:09:10,276 - INFO - 实验53-运行3: LR=0.00200, Decay=0.9995, Groups=[0.5, 0.3, 0.15, 0.05], Gamma=0.950
2025-06-26 09:09:14,785 - INFO - 实验53-运行3完成: HV=0.9684, IGD=101.0474, GD=4.4604, 时间=4.51s
2025-06-26 09:09:14,786 - INFO - 实验53-运行4: LR=0.00200, Decay=0.9995, Groups=[0.5, 0.3, 0.15, 0.05], Gamma=0.950
2025-06-26 09:09:19,292 - INFO - 实验53-运行4完成: HV=0.9659, IGD=113.2946, GD=24.3289, 时间=4.51s
2025-06-26 09:09:19,293 - INFO - 实验53-运行5: LR=0.00200, Decay=0.9995, Groups=[0.5, 0.3, 0.15, 0.05], Gamma=0.950
2025-06-26 09:09:24,158 - INFO - 实验53-运行5完成: HV=0.9708, IGD=88.4687, GD=0.0000, 时间=4.86s
2025-06-26 09:09:24,159 - INFO - 实验组53完成: 平均HV=0.9810, 平均IGD=60.5621, 平均GD=5.7579, 综合得分=0.9625, SNR=-0.33
2025-06-26 09:09:24,159 - INFO - 进度: 53/81
2025-06-26 09:09:24,159 - INFO - 开始实验组54 (54/81)
2025-06-26 09:09:24,159 - INFO - 实验54-运行1: LR=0.00200, Decay=0.9999, Groups=[0.45, 0.25, 0.2, 0.1], Gamma=0.995
2025-06-26 09:09:28,282 - INFO - 实验54-运行1完成: HV=0.9628, IGD=128.1913, GD=33.1993, 时间=4.12s
2025-06-26 09:09:28,282 - INFO - 实验54-运行2: LR=0.00200, Decay=0.9999, Groups=[0.45, 0.25, 0.2, 0.1], Gamma=0.995
2025-06-26 09:09:33,595 - INFO - 实验54-运行2完成: HV=0.9693, IGD=94.9333, GD=7.2294, 时间=5.31s
2025-06-26 09:09:33,595 - INFO - 实验54-运行3: LR=0.00200, Decay=0.9999, Groups=[0.45, 0.25, 0.2, 0.1], Gamma=0.995
2025-06-26 09:09:38,393 - INFO - 实验54-运行3完成: HV=0.9609, IGD=137.2772, GD=9.3003, 时间=4.80s
2025-06-26 09:09:38,393 - INFO - 实验54-运行4: LR=0.00200, Decay=0.9999, Groups=[0.45, 0.25, 0.2, 0.1], Gamma=0.995
2025-06-26 09:09:43,058 - INFO - 实验54-运行4完成: HV=0.9688, IGD=93.5983, GD=4.2997, 时间=4.67s
2025-06-26 09:09:43,058 - INFO - 实验54-运行5: LR=0.00200, Decay=0.9999, Groups=[0.45, 0.25, 0.2, 0.1], Gamma=0.995
2025-06-26 09:09:47,362 - INFO - 实验54-运行5完成: HV=0.9656, IGD=113.2765, GD=18.1557, 时间=4.30s
2025-06-26 09:09:47,363 - INFO - 实验组54完成: 平均HV=0.9655, 平均IGD=113.4553, 平均GD=14.4369, 综合得分=0.9269, SNR=-0.66
2025-06-26 09:09:47,363 - INFO - 进度: 54/81
2025-06-26 09:09:47,363 - INFO - 开始实验组55 (55/81)
2025-06-26 09:09:47,363 - INFO - 实验55-运行1: LR=0.00500, Decay=0.9850, Groups=[0.25, 0.45, 0.2, 0.1], Gamma=0.900
2025-06-26 09:09:52,503 - INFO - 实验55-运行1完成: HV=0.9647, IGD=116.1278, GD=45.0898, 时间=5.14s
2025-06-26 09:09:52,503 - INFO - 实验55-运行2: LR=0.00500, Decay=0.9850, Groups=[0.25, 0.45, 0.2, 0.1], Gamma=0.900
2025-06-26 09:09:57,147 - INFO - 实验55-运行2完成: HV=0.9681, IGD=98.7983, GD=13.4913, 时间=4.64s
2025-06-26 09:09:57,147 - INFO - 实验55-运行3: LR=0.00500, Decay=0.9850, Groups=[0.25, 0.45, 0.2, 0.1], Gamma=0.900
2025-06-26 09:10:02,052 - INFO - 实验55-运行3完成: HV=0.9663, IGD=112.9291, GD=5.3107, 时间=4.91s
2025-06-26 09:10:02,053 - INFO - 实验55-运行4: LR=0.00500, Decay=0.9850, Groups=[0.25, 0.45, 0.2, 0.1], Gamma=0.900
2025-06-26 09:10:06,116 - INFO - 实验55-运行4完成: HV=0.9644, IGD=117.8631, GD=28.1714, 时间=4.06s
2025-06-26 09:10:06,117 - INFO - 实验55-运行5: LR=0.00500, Decay=0.9850, Groups=[0.25, 0.45, 0.2, 0.1], Gamma=0.900
2025-06-26 09:10:11,149 - INFO - 实验55-运行5完成: HV=0.9659, IGD=112.0456, GD=31.8044, 时间=5.03s
2025-06-26 09:10:11,149 - INFO - 实验组55完成: 平均HV=0.9659, 平均IGD=111.5528, 平均GD=24.7735, 综合得分=0.9131, SNR=-0.79
2025-06-26 09:10:11,149 - INFO - 进度: 55/81
2025-06-26 09:10:11,149 - INFO - 开始实验组56 (56/81)
2025-06-26 09:10:11,150 - INFO - 实验56-运行1: LR=0.00500, Decay=0.9880, Groups=[0.2, 0.5, 0.2, 0.1], Gamma=0.990
2025-06-26 09:10:17,011 - INFO - 实验56-运行1完成: HV=0.9633, IGD=125.7816, GD=29.0909, 时间=5.86s
2025-06-26 09:10:17,011 - INFO - 实验56-运行2: LR=0.00500, Decay=0.9880, Groups=[0.2, 0.5, 0.2, 0.1], Gamma=0.990
2025-06-26 09:10:21,733 - INFO - 实验56-运行2完成: HV=0.9676, IGD=104.0573, GD=8.3024, 时间=4.72s
2025-06-26 09:10:21,733 - INFO - 实验56-运行3: LR=0.00500, Decay=0.9880, Groups=[0.2, 0.5, 0.2, 0.1], Gamma=0.990
2025-06-26 09:10:25,971 - INFO - 实验56-运行3完成: HV=0.9660, IGD=111.6560, GD=12.2028, 时间=4.24s
2025-06-26 09:10:25,971 - INFO - 实验56-运行4: LR=0.00500, Decay=0.9880, Groups=[0.2, 0.5, 0.2, 0.1], Gamma=0.990
2025-06-26 09:10:30,180 - INFO - 实验56-运行4完成: HV=0.9609, IGD=138.5278, GD=27.5382, 时间=4.21s
2025-06-26 09:10:30,181 - INFO - 实验56-运行5: LR=0.00500, Decay=0.9880, Groups=[0.2, 0.5, 0.2, 0.1], Gamma=0.990
2025-06-26 09:10:35,389 - INFO - 实验56-运行5完成: HV=0.9668, IGD=109.0112, GD=9.9239, 时间=5.21s
2025-06-26 09:10:35,389 - INFO - 实验组56完成: 平均HV=0.9649, 平均IGD=117.8068, 平均GD=17.4116, 综合得分=0.9212, SNR=-0.71
2025-06-26 09:10:35,390 - INFO - 进度: 56/81
2025-06-26 09:10:35,390 - INFO - 开始实验组57 (57/81)
2025-06-26 09:10:35,390 - INFO - 实验57-运行1: LR=0.00500, Decay=0.9900, Groups=[0.15, 0.55, 0.2, 0.1], Gamma=0.750
2025-06-26 09:10:42,050 - INFO - 实验57-运行1完成: HV=1.0000, IGD=0.0000, GD=0.0000, 时间=6.66s
2025-06-26 09:10:42,051 - INFO - 实验57-运行2: LR=0.00500, Decay=0.9900, Groups=[0.15, 0.55, 0.2, 0.1], Gamma=0.750
2025-06-26 09:10:47,621 - INFO - 实验57-运行2完成: HV=0.9645, IGD=122.6719, GD=16.1983, 时间=5.57s
2025-06-26 09:10:47,621 - INFO - 实验57-运行3: LR=0.00500, Decay=0.9900, Groups=[0.15, 0.55, 0.2, 0.1], Gamma=0.750
2025-06-26 09:10:52,841 - INFO - 实验57-运行3完成: HV=0.9687, IGD=99.8691, GD=8.3986, 时间=5.22s
2025-06-26 09:10:52,841 - INFO - 实验57-运行4: LR=0.00500, Decay=0.9900, Groups=[0.15, 0.55, 0.2, 0.1], Gamma=0.750
2025-06-26 09:10:57,808 - INFO - 实验57-运行4完成: HV=0.9656, IGD=112.2336, GD=25.8273, 时间=4.97s
2025-06-26 09:10:57,809 - INFO - 实验57-运行5: LR=0.00500, Decay=0.9900, Groups=[0.15, 0.55, 0.2, 0.1], Gamma=0.750
2025-06-26 09:11:02,217 - INFO - 实验57-运行5完成: HV=0.9576, IGD=155.7218, GD=50.9731, 时间=4.41s
2025-06-26 09:11:02,218 - INFO - 实验组57完成: 平均HV=0.9713, 平均IGD=98.0993, 平均GD=20.2795, 综合得分=0.9251, SNR=-0.68
2025-06-26 09:11:02,218 - INFO - 进度: 57/81
2025-06-26 09:11:02,218 - INFO - 开始实验组58 (58/81)
2025-06-26 09:11:02,218 - INFO - 实验58-运行1: LR=0.00500, Decay=0.9930, Groups=[0.8, 0.1, 0.07, 0.03], Gamma=0.900
2025-06-26 09:11:06,922 - INFO - 实验58-运行1完成: HV=0.9681, IGD=100.3632, GD=20.9158, 时间=4.70s
2025-06-26 09:11:06,923 - INFO - 实验58-运行2: LR=0.00500, Decay=0.9930, Groups=[0.8, 0.1, 0.07, 0.03], Gamma=0.900
2025-06-26 09:11:11,978 - INFO - 实验58-运行2完成: HV=0.9721, IGD=81.0398, GD=3.6326, 时间=5.05s
2025-06-26 09:11:11,978 - INFO - 实验58-运行3: LR=0.00500, Decay=0.9930, Groups=[0.8, 0.1, 0.07, 0.03], Gamma=0.900
2025-06-26 09:11:16,761 - INFO - 实验58-运行3完成: HV=0.9553, IGD=166.9776, GD=26.8161, 时间=4.78s
2025-06-26 09:11:16,762 - INFO - 实验58-运行4: LR=0.00500, Decay=0.9930, Groups=[0.8, 0.1, 0.07, 0.03], Gamma=0.900
2025-06-26 09:11:21,427 - INFO - 实验58-运行4完成: HV=0.9696, IGD=97.7788, GD=0.0000, 时间=4.66s
2025-06-26 09:11:21,427 - INFO - 实验58-运行5: LR=0.00500, Decay=0.9930, Groups=[0.8, 0.1, 0.07, 0.03], Gamma=0.900
2025-06-26 09:11:25,558 - INFO - 实验58-运行5完成: HV=0.9628, IGD=127.9613, GD=39.1507, 时间=4.13s
2025-06-26 09:11:25,559 - INFO - 实验组58完成: 平均HV=0.9656, 平均IGD=114.8242, 平均GD=18.1030, 综合得分=0.9212, SNR=-0.71
2025-06-26 09:11:25,559 - INFO - 进度: 58/81
2025-06-26 09:11:25,559 - INFO - 开始实验组59 (59/81)
2025-06-26 09:11:25,559 - INFO - 实验59-运行1: LR=0.00500, Decay=0.9950, Groups=[0.7, 0.15, 0.1, 0.05], Gamma=0.990
2025-06-26 09:11:30,436 - INFO - 实验59-运行1完成: HV=0.9671, IGD=103.5440, GD=19.0302, 时间=4.88s
2025-06-26 09:11:30,436 - INFO - 实验59-运行2: LR=0.00500, Decay=0.9950, Groups=[0.7, 0.15, 0.1, 0.05], Gamma=0.990
2025-06-26 09:11:34,973 - INFO - 实验59-运行2完成: HV=0.9610, IGD=138.4934, GD=38.8094, 时间=4.54s
2025-06-26 09:11:34,974 - INFO - 实验59-运行3: LR=0.00500, Decay=0.9950, Groups=[0.7, 0.15, 0.1, 0.05], Gamma=0.990
2025-06-26 09:11:40,088 - INFO - 实验59-运行3完成: HV=0.9606, IGD=140.8304, GD=49.2108, 时间=5.11s
2025-06-26 09:11:40,088 - INFO - 实验59-运行4: LR=0.00500, Decay=0.9950, Groups=[0.7, 0.15, 0.1, 0.05], Gamma=0.990
2025-06-26 09:11:44,057 - INFO - 实验59-运行4完成: HV=0.9642, IGD=119.9732, GD=16.9871, 时间=3.97s
2025-06-26 09:11:44,057 - INFO - 实验59-运行5: LR=0.00500, Decay=0.9950, Groups=[0.7, 0.15, 0.1, 0.05], Gamma=0.990
2025-06-26 09:11:48,929 - INFO - 实验59-运行5完成: HV=0.9670, IGD=108.2390, GD=15.0372, 时间=4.87s
2025-06-26 09:11:48,930 - INFO - 实验组59完成: 平均HV=0.9640, 平均IGD=122.2160, 平均GD=27.8149, 综合得分=0.9058, SNR=-0.86
2025-06-26 09:11:48,930 - INFO - 进度: 59/81
2025-06-26 09:11:48,930 - INFO - 开始实验组60 (60/81)
2025-06-26 09:11:48,930 - INFO - 实验60-运行1: LR=0.00500, Decay=0.9970, Groups=[0.6, 0.2, 0.15, 0.05], Gamma=0.750
2025-06-26 09:11:53,884 - INFO - 实验60-运行1完成: HV=0.9688, IGD=96.5978, GD=9.6564, 时间=4.95s
2025-06-26 09:11:53,884 - INFO - 实验60-运行2: LR=0.00500, Decay=0.9970, Groups=[0.6, 0.2, 0.15, 0.05], Gamma=0.750
2025-06-26 09:11:58,101 - INFO - 实验60-运行2完成: HV=0.9694, IGD=97.0075, GD=1.6667, 时间=4.22s
2025-06-26 09:11:58,102 - INFO - 实验60-运行3: LR=0.00500, Decay=0.9970, Groups=[0.6, 0.2, 0.15, 0.05], Gamma=0.750
2025-06-26 09:12:02,792 - INFO - 实验60-运行3完成: HV=0.9662, IGD=109.3498, GD=20.7266, 时间=4.69s
2025-06-26 09:12:02,793 - INFO - 实验60-运行4: LR=0.00500, Decay=0.9970, Groups=[0.6, 0.2, 0.15, 0.05], Gamma=0.750
2025-06-26 09:12:07,882 - INFO - 实验60-运行4完成: HV=1.0000, IGD=0.0000, GD=0.0000, 时间=5.09s
2025-06-26 09:12:07,883 - INFO - 实验60-运行5: LR=0.00500, Decay=0.9970, Groups=[0.6, 0.2, 0.15, 0.05], Gamma=0.750
2025-06-26 09:12:12,402 - INFO - 实验60-运行5完成: HV=0.9599, IGD=143.4771, GD=28.0191, 时间=4.52s
2025-06-26 09:12:12,402 - INFO - 实验组60完成: 平均HV=0.9729, 平均IGD=89.2864, 平均GD=12.0137, 综合得分=0.9404, SNR=-0.53
2025-06-26 09:12:12,403 - INFO - 进度: 60/81
2025-06-26 09:12:12,403 - INFO - 开始实验组61 (61/81)
2025-06-26 09:12:12,403 - INFO - 实验61-运行1: LR=0.00500, Decay=0.9990, Groups=[0.5, 0.3, 0.15, 0.05], Gamma=0.900
2025-06-26 09:12:17,498 - INFO - 实验61-运行1完成: HV=0.9639, IGD=124.3947, GD=18.8281, 时间=5.10s
2025-06-26 09:12:17,499 - INFO - 实验61-运行2: LR=0.00500, Decay=0.9990, Groups=[0.5, 0.3, 0.15, 0.05], Gamma=0.900
2025-06-26 09:12:22,430 - INFO - 实验61-运行2完成: HV=0.9633, IGD=123.3443, GD=28.9163, 时间=4.93s
2025-06-26 09:12:22,430 - INFO - 实验61-运行3: LR=0.00500, Decay=0.9990, Groups=[0.5, 0.3, 0.15, 0.05], Gamma=0.900
2025-06-26 09:12:27,322 - INFO - 实验61-运行3完成: HV=0.9680, IGD=104.1494, GD=0.0000, 时间=4.89s
2025-06-26 09:12:27,322 - INFO - 实验61-运行4: LR=0.00500, Decay=0.9990, Groups=[0.5, 0.3, 0.15, 0.05], Gamma=0.900
2025-06-26 09:12:32,302 - INFO - 实验61-运行4完成: HV=0.9668, IGD=105.4723, GD=18.3488, 时间=4.98s
2025-06-26 09:12:32,303 - INFO - 实验61-运行5: LR=0.00500, Decay=0.9990, Groups=[0.5, 0.3, 0.15, 0.05], Gamma=0.900
2025-06-26 09:12:37,749 - INFO - 实验61-运行5完成: HV=0.9712, IGD=86.0469, GD=6.4072, 时间=5.45s
2025-06-26 09:12:37,749 - INFO - 实验组61完成: 平均HV=0.9667, 平均IGD=108.6815, 平均GD=14.5001, 综合得分=0.9286, SNR=-0.64
2025-06-26 09:12:37,750 - INFO - 进度: 61/81
2025-06-26 09:12:37,750 - INFO - 开始实验组62 (62/81)
2025-06-26 09:12:37,750 - INFO - 实验62-运行1: LR=0.00500, Decay=0.9995, Groups=[0.45, 0.25, 0.2, 0.1], Gamma=0.990
2025-06-26 09:12:42,851 - INFO - 实验62-运行1完成: HV=1.0000, IGD=0.0000, GD=0.0000, 时间=5.10s
2025-06-26 09:12:42,852 - INFO - 实验62-运行2: LR=0.00500, Decay=0.9995, Groups=[0.45, 0.25, 0.2, 0.1], Gamma=0.990
2025-06-26 09:12:47,878 - INFO - 实验62-运行2完成: HV=0.9636, IGD=121.8903, GD=16.3751, 时间=5.03s
2025-06-26 09:12:47,879 - INFO - 实验62-运行3: LR=0.00500, Decay=0.9995, Groups=[0.45, 0.25, 0.2, 0.1], Gamma=0.990
2025-06-26 09:12:52,911 - INFO - 实验62-运行3完成: HV=0.9696, IGD=93.4625, GD=9.1144, 时间=5.03s
2025-06-26 09:12:52,911 - INFO - 实验62-运行4: LR=0.00500, Decay=0.9995, Groups=[0.45, 0.25, 0.2, 0.1], Gamma=0.990
2025-06-26 09:12:57,749 - INFO - 实验62-运行4完成: HV=0.9666, IGD=108.0902, GD=15.5095, 时间=4.84s
2025-06-26 09:12:57,749 - INFO - 实验62-运行5: LR=0.00500, Decay=0.9995, Groups=[0.45, 0.25, 0.2, 0.1], Gamma=0.990
2025-06-26 09:13:02,332 - INFO - 实验62-运行5完成: HV=0.9680, IGD=101.1862, GD=1.2889, 时间=4.58s
2025-06-26 09:13:02,332 - INFO - 实验组62完成: 平均HV=0.9736, 平均IGD=84.9259, 平均GD=8.4576, 综合得分=0.9477, SNR=-0.47
2025-06-26 09:13:02,333 - INFO - 进度: 62/81
2025-06-26 09:13:02,333 - INFO - 开始实验组63 (63/81)
2025-06-26 09:13:02,333 - INFO - 实验63-运行1: LR=0.00500, Decay=0.9999, Groups=[0.35, 0.4, 0.2, 0.05], Gamma=0.750
2025-06-26 09:13:07,750 - INFO - 实验63-运行1完成: HV=1.0000, IGD=0.0000, GD=0.0000, 时间=5.41s
2025-06-26 09:13:07,750 - INFO - 实验63-运行2: LR=0.00500, Decay=0.9999, Groups=[0.35, 0.4, 0.2, 0.05], Gamma=0.750
2025-06-26 09:13:13,731 - INFO - 实验63-运行2完成: HV=0.9670, IGD=108.3314, GD=14.9193, 时间=5.98s
2025-06-26 09:13:13,731 - INFO - 实验63-运行3: LR=0.00500, Decay=0.9999, Groups=[0.35, 0.4, 0.2, 0.05], Gamma=0.750
2025-06-26 09:13:19,334 - INFO - 实验63-运行3完成: HV=1.0000, IGD=0.0000, GD=0.0000, 时间=5.60s
2025-06-26 09:13:19,334 - INFO - 实验63-运行4: LR=0.00500, Decay=0.9999, Groups=[0.35, 0.4, 0.2, 0.05], Gamma=0.750
2025-06-26 09:13:24,160 - INFO - 实验63-运行4完成: HV=0.9685, IGD=98.4060, GD=9.8051, 时间=4.83s
2025-06-26 09:13:24,161 - INFO - 实验63-运行5: LR=0.00500, Decay=0.9999, Groups=[0.35, 0.4, 0.2, 0.05], Gamma=0.750
2025-06-26 09:13:28,929 - INFO - 实验63-运行5完成: HV=0.9570, IGD=156.8604, GD=32.5564, 时间=4.77s
2025-06-26 09:13:28,930 - INFO - 实验组63完成: 平均HV=0.9785, 平均IGD=72.7196, 平均GD=11.4562, 综合得分=0.9484, SNR=-0.46
2025-06-26 09:13:28,930 - INFO - 进度: 63/81
2025-06-26 09:13:28,930 - INFO - 开始实验组64 (64/81)
2025-06-26 09:13:28,930 - INFO - 实验64-运行1: LR=0.01000, Decay=0.9850, Groups=[0.2, 0.5, 0.2, 0.1], Gamma=0.980
2025-06-26 09:13:34,063 - INFO - 实验64-运行1完成: HV=0.9527, IGD=179.8328, GD=34.7755, 时间=5.13s
2025-06-26 09:13:34,063 - INFO - 实验64-运行2: LR=0.01000, Decay=0.9850, Groups=[0.2, 0.5, 0.2, 0.1], Gamma=0.980
2025-06-26 09:13:39,355 - INFO - 实验64-运行2完成: HV=0.9677, IGD=104.3263, GD=18.2547, 时间=5.29s
2025-06-26 09:13:39,356 - INFO - 实验64-运行3: LR=0.01000, Decay=0.9850, Groups=[0.2, 0.5, 0.2, 0.1], Gamma=0.980
2025-06-26 09:13:44,952 - INFO - 实验64-运行3完成: HV=0.9673, IGD=104.8689, GD=4.8140, 时间=5.60s
2025-06-26 09:13:44,953 - INFO - 实验64-运行4: LR=0.01000, Decay=0.9850, Groups=[0.2, 0.5, 0.2, 0.1], Gamma=0.980
2025-06-26 09:13:49,685 - INFO - 实验64-运行4完成: HV=1.0000, IGD=0.0000, GD=0.0000, 时间=4.73s
2025-06-26 09:13:49,686 - INFO - 实验64-运行5: LR=0.01000, Decay=0.9850, Groups=[0.2, 0.5, 0.2, 0.1], Gamma=0.980
2025-06-26 09:13:55,598 - INFO - 实验64-运行5完成: HV=1.0000, IGD=0.0000, GD=0.0000, 时间=5.91s
2025-06-26 09:13:55,599 - INFO - 实验组64完成: 平均HV=0.9775, 平均IGD=77.8056, 平均GD=11.5689, 综合得分=0.9464, SNR=-0.48
2025-06-26 09:13:55,599 - INFO - 进度: 64/81
2025-06-26 09:13:55,599 - INFO - 开始实验组65 (65/81)
2025-06-26 09:13:55,599 - INFO - 实验65-运行1: LR=0.01000, Decay=0.9880, Groups=[0.15, 0.55, 0.2, 0.1], Gamma=0.999
2025-06-26 09:14:00,324 - INFO - 实验65-运行1完成: HV=0.9625, IGD=130.8995, GD=14.7417, 时间=4.73s
2025-06-26 09:14:00,325 - INFO - 实验65-运行2: LR=0.01000, Decay=0.9880, Groups=[0.15, 0.55, 0.2, 0.1], Gamma=0.999
2025-06-26 09:14:04,743 - INFO - 实验65-运行2完成: HV=0.9673, IGD=106.4717, GD=4.7942, 时间=4.42s
2025-06-26 09:14:04,743 - INFO - 实验65-运行3: LR=0.01000, Decay=0.9880, Groups=[0.15, 0.55, 0.2, 0.1], Gamma=0.999
2025-06-26 09:14:09,091 - INFO - 实验65-运行3完成: HV=1.0000, IGD=0.0000, GD=0.0000, 时间=4.35s
2025-06-26 09:14:09,092 - INFO - 实验65-运行4: LR=0.01000, Decay=0.9880, Groups=[0.15, 0.55, 0.2, 0.1], Gamma=0.999
2025-06-26 09:14:14,134 - INFO - 实验65-运行4完成: HV=0.9675, IGD=104.1906, GD=36.2113, 时间=5.04s
2025-06-26 09:14:14,134 - INFO - 实验65-运行5: LR=0.01000, Decay=0.9880, Groups=[0.15, 0.55, 0.2, 0.1], Gamma=0.999
2025-06-26 09:14:19,372 - INFO - 实验65-运行5完成: HV=0.9665, IGD=107.4929, GD=27.2633, 时间=5.24s
2025-06-26 09:14:19,372 - INFO - 实验组65完成: 平均HV=0.9728, 平均IGD=89.8109, 平均GD=16.6021, 综合得分=0.9332, SNR=-0.60
2025-06-26 09:14:19,373 - INFO - 进度: 65/81
2025-06-26 09:14:19,373 - INFO - 开始实验组66 (66/81)
2025-06-26 09:14:19,373 - INFO - 实验66-运行1: LR=0.01000, Decay=0.9900, Groups=[0.8, 0.1, 0.07, 0.03], Gamma=0.850
2025-06-26 09:14:24,308 - INFO - 实验66-运行1完成: HV=0.9604, IGD=140.3604, GD=65.3778, 时间=4.93s
2025-06-26 09:14:24,308 - INFO - 实验66-运行2: LR=0.01000, Decay=0.9900, Groups=[0.8, 0.1, 0.07, 0.03], Gamma=0.850
2025-06-26 09:14:28,935 - INFO - 实验66-运行2完成: HV=0.9650, IGD=116.7290, GD=21.1881, 时间=4.63s
2025-06-26 09:14:28,935 - INFO - 实验66-运行3: LR=0.01000, Decay=0.9900, Groups=[0.8, 0.1, 0.07, 0.03], Gamma=0.850
2025-06-26 09:14:34,691 - INFO - 实验66-运行3完成: HV=1.0000, IGD=0.0000, GD=0.0000, 时间=5.75s
2025-06-26 09:14:34,692 - INFO - 实验66-运行4: LR=0.01000, Decay=0.9900, Groups=[0.8, 0.1, 0.07, 0.03], Gamma=0.850
2025-06-26 09:14:39,900 - INFO - 实验66-运行4完成: HV=0.9664, IGD=109.6898, GD=19.4228, 时间=5.21s
2025-06-26 09:14:39,900 - INFO - 实验66-运行5: LR=0.01000, Decay=0.9900, Groups=[0.8, 0.1, 0.07, 0.03], Gamma=0.850
2025-06-26 09:14:45,176 - INFO - 实验66-运行5完成: HV=0.9550, IGD=167.6072, GD=42.5566, 时间=5.27s
2025-06-26 09:14:45,177 - INFO - 实验组66完成: 平均HV=0.9693, 平均IGD=106.8773, 平均GD=29.7091, 综合得分=0.9099, SNR=-0.82
2025-06-26 09:14:45,177 - INFO - 进度: 66/81
2025-06-26 09:14:45,177 - INFO - 开始实验组67 (67/81)
2025-06-26 09:14:45,177 - INFO - 实验67-运行1: LR=0.01000, Decay=0.9930, Groups=[0.7, 0.15, 0.1, 0.05], Gamma=0.980
2025-06-26 09:14:50,016 - INFO - 实验67-运行1完成: HV=0.9670, IGD=106.5937, GD=3.7378, 时间=4.84s
2025-06-26 09:14:50,017 - INFO - 实验67-运行2: LR=0.01000, Decay=0.9930, Groups=[0.7, 0.15, 0.1, 0.05], Gamma=0.980
2025-06-26 09:14:54,985 - INFO - 实验67-运行2完成: HV=1.0000, IGD=0.0000, GD=0.0000, 时间=4.97s
2025-06-26 09:14:54,986 - INFO - 实验67-运行3: LR=0.01000, Decay=0.9930, Groups=[0.7, 0.15, 0.1, 0.05], Gamma=0.980
2025-06-26 09:15:00,472 - INFO - 实验67-运行3完成: HV=0.9614, IGD=136.6631, GD=37.2746, 时间=5.49s
2025-06-26 09:15:00,472 - INFO - 实验67-运行4: LR=0.01000, Decay=0.9930, Groups=[0.7, 0.15, 0.1, 0.05], Gamma=0.980
2025-06-26 09:15:05,129 - INFO - 实验67-运行4完成: HV=0.9619, IGD=132.5789, GD=49.9278, 时间=4.66s
2025-06-26 09:15:05,129 - INFO - 实验67-运行5: LR=0.01000, Decay=0.9930, Groups=[0.7, 0.15, 0.1, 0.05], Gamma=0.980
2025-06-26 09:15:10,179 - INFO - 实验67-运行5完成: HV=0.9600, IGD=143.5359, GD=53.5935, 时间=5.05s
2025-06-26 09:15:10,180 - INFO - 实验组67完成: 平均HV=0.9701, 平均IGD=103.8743, 平均GD=28.9067, 综合得分=0.9120, SNR=-0.80
2025-06-26 09:15:10,180 - INFO - 进度: 67/81
2025-06-26 09:15:10,180 - INFO - 开始实验组68 (68/81)
2025-06-26 09:15:10,180 - INFO - 实验68-运行1: LR=0.01000, Decay=0.9950, Groups=[0.6, 0.2, 0.15, 0.05], Gamma=0.999
2025-06-26 09:15:14,753 - INFO - 实验68-运行1完成: HV=0.9619, IGD=131.2268, GD=45.7622, 时间=4.57s
2025-06-26 09:15:14,754 - INFO - 实验68-运行2: LR=0.01000, Decay=0.9950, Groups=[0.6, 0.2, 0.15, 0.05], Gamma=0.999
2025-06-26 09:15:20,704 - INFO - 实验68-运行2完成: HV=0.9637, IGD=124.2433, GD=45.4850, 时间=5.95s
2025-06-26 09:15:20,704 - INFO - 实验68-运行3: LR=0.01000, Decay=0.9950, Groups=[0.6, 0.2, 0.15, 0.05], Gamma=0.999
2025-06-26 09:15:25,431 - INFO - 实验68-运行3完成: HV=0.9671, IGD=105.7264, GD=12.7251, 时间=4.73s
2025-06-26 09:15:25,432 - INFO - 实验68-运行4: LR=0.01000, Decay=0.9950, Groups=[0.6, 0.2, 0.15, 0.05], Gamma=0.999
2025-06-26 09:15:31,533 - INFO - 实验68-运行4完成: HV=0.9697, IGD=95.8692, GD=0.0000, 时间=6.10s
2025-06-26 09:15:31,534 - INFO - 实验68-运行5: LR=0.01000, Decay=0.9950, Groups=[0.6, 0.2, 0.15, 0.05], Gamma=0.999
2025-06-26 09:15:35,715 - INFO - 实验68-运行5完成: HV=0.9639, IGD=120.7175, GD=5.7481, 时间=4.18s
2025-06-26 09:15:35,716 - INFO - 实验组68完成: 平均HV=0.9653, 平均IGD=115.5566, 平均GD=21.9441, 综合得分=0.9156, SNR=-0.77
2025-06-26 09:15:35,716 - INFO - 进度: 68/81
2025-06-26 09:15:35,716 - INFO - 开始实验组69 (69/81)
2025-06-26 09:15:35,716 - INFO - 实验69-运行1: LR=0.01000, Decay=0.9970, Groups=[0.5, 0.3, 0.15, 0.05], Gamma=0.850
2025-06-26 09:15:40,283 - INFO - 实验69-运行1完成: HV=0.9613, IGD=135.5608, GD=25.5686, 时间=4.57s
2025-06-26 09:15:40,283 - INFO - 实验69-运行2: LR=0.01000, Decay=0.9970, Groups=[0.5, 0.3, 0.15, 0.05], Gamma=0.850
2025-06-26 09:15:45,687 - INFO - 实验69-运行2完成: HV=0.9689, IGD=97.7205, GD=20.6825, 时间=5.40s
2025-06-26 09:15:45,688 - INFO - 实验69-运行3: LR=0.01000, Decay=0.9970, Groups=[0.5, 0.3, 0.15, 0.05], Gamma=0.850
2025-06-26 09:15:51,375 - INFO - 实验69-运行3完成: HV=0.9607, IGD=138.8940, GD=41.3381, 时间=5.69s
2025-06-26 09:15:51,376 - INFO - 实验69-运行4: LR=0.01000, Decay=0.9970, Groups=[0.5, 0.3, 0.15, 0.05], Gamma=0.850
2025-06-26 09:15:56,400 - INFO - 实验69-运行4完成: HV=0.9543, IGD=172.3545, GD=45.6824, 时间=5.02s
2025-06-26 09:15:56,400 - INFO - 实验69-运行5: LR=0.01000, Decay=0.9970, Groups=[0.5, 0.3, 0.15, 0.05], Gamma=0.850
2025-06-26 09:16:01,484 - INFO - 实验69-运行5完成: HV=0.9639, IGD=122.5475, GD=19.8117, 时间=5.08s
2025-06-26 09:16:01,484 - INFO - 实验组69完成: 平均HV=0.9618, 平均IGD=133.4155, 平均GD=30.6167, 综合得分=0.8987, SNR=-0.93
2025-06-26 09:16:01,484 - INFO - 进度: 69/81
2025-06-26 09:16:01,484 - INFO - 开始实验组70 (70/81)
2025-06-26 09:16:01,484 - INFO - 实验70-运行1: LR=0.01000, Decay=0.9990, Groups=[0.45, 0.25, 0.2, 0.1], Gamma=0.980
2025-06-26 09:16:06,484 - INFO - 实验70-运行1完成: HV=0.9685, IGD=98.4880, GD=2.3332, 时间=5.00s
2025-06-26 09:16:06,485 - INFO - 实验70-运行2: LR=0.01000, Decay=0.9990, Groups=[0.45, 0.25, 0.2, 0.1], Gamma=0.980
2025-06-26 09:16:11,217 - INFO - 实验70-运行2完成: HV=0.9684, IGD=101.6454, GD=0.0000, 时间=4.73s
2025-06-26 09:16:11,218 - INFO - 实验70-运行3: LR=0.01000, Decay=0.9990, Groups=[0.45, 0.25, 0.2, 0.1], Gamma=0.980
2025-06-26 09:16:16,052 - INFO - 实验70-运行3完成: HV=0.9645, IGD=121.5363, GD=19.0708, 时间=4.83s
2025-06-26 09:16:16,052 - INFO - 实验70-运行4: LR=0.01000, Decay=0.9990, Groups=[0.45, 0.25, 0.2, 0.1], Gamma=0.980
2025-06-26 09:16:21,057 - INFO - 实验70-运行4完成: HV=0.9649, IGD=115.0196, GD=9.2348, 时间=5.00s
2025-06-26 09:16:21,057 - INFO - 实验70-运行5: LR=0.01000, Decay=0.9990, Groups=[0.45, 0.25, 0.2, 0.1], Gamma=0.980
2025-06-26 09:16:25,616 - INFO - 实验70-运行5完成: HV=0.9648, IGD=117.3460, GD=21.7005, 时间=4.56s
2025-06-26 09:16:25,617 - INFO - 实验组70完成: 平均HV=0.9662, 平均IGD=110.8070, 平均GD=10.4679, 综合得分=0.9342, SNR=-0.59
2025-06-26 09:16:25,617 - INFO - 进度: 70/81
2025-06-26 09:16:25,617 - INFO - 开始实验组71 (71/81)
2025-06-26 09:16:25,617 - INFO - 实验71-运行1: LR=0.01000, Decay=0.9995, Groups=[0.35, 0.4, 0.2, 0.05], Gamma=0.999
2025-06-26 09:16:30,703 - INFO - 实验71-运行1完成: HV=0.9686, IGD=102.5892, GD=0.0000, 时间=5.09s
2025-06-26 09:16:30,703 - INFO - 实验71-运行2: LR=0.01000, Decay=0.9995, Groups=[0.35, 0.4, 0.2, 0.05], Gamma=0.999
2025-06-26 09:16:35,137 - INFO - 实验71-运行2完成: HV=0.9546, IGD=170.4749, GD=45.9453, 时间=4.43s
2025-06-26 09:16:35,137 - INFO - 实验71-运行3: LR=0.01000, Decay=0.9995, Groups=[0.35, 0.4, 0.2, 0.05], Gamma=0.999
2025-06-26 09:16:39,926 - INFO - 实验71-运行3完成: HV=0.9635, IGD=125.5464, GD=40.1469, 时间=4.79s
2025-06-26 09:16:39,927 - INFO - 实验71-运行4: LR=0.01000, Decay=0.9995, Groups=[0.35, 0.4, 0.2, 0.05], Gamma=0.999
2025-06-26 09:16:44,468 - INFO - 实验71-运行4完成: HV=0.9656, IGD=111.9854, GD=24.1040, 时间=4.54s
2025-06-26 09:16:44,468 - INFO - 实验71-运行5: LR=0.01000, Decay=0.9995, Groups=[0.35, 0.4, 0.2, 0.05], Gamma=0.999
2025-06-26 09:16:49,527 - INFO - 实验71-运行5完成: HV=0.9690, IGD=94.6889, GD=18.9548, 时间=5.06s
2025-06-26 09:16:49,528 - INFO - 实验组71完成: 平均HV=0.9643, 平均IGD=121.0570, 平均GD=25.8302, 综合得分=0.9087, SNR=-0.83
2025-06-26 09:16:49,528 - INFO - 进度: 71/81
2025-06-26 09:16:49,528 - INFO - 开始实验组72 (72/81)
2025-06-26 09:16:49,528 - INFO - 实验72-运行1: LR=0.01000, Decay=0.9999, Groups=[0.25, 0.45, 0.2, 0.1], Gamma=0.850
2025-06-26 09:16:54,163 - INFO - 实验72-运行1完成: HV=0.9629, IGD=128.1705, GD=27.3660, 时间=4.63s
2025-06-26 09:16:54,163 - INFO - 实验72-运行2: LR=0.01000, Decay=0.9999, Groups=[0.25, 0.45, 0.2, 0.1], Gamma=0.850
2025-06-26 09:16:58,334 - INFO - 实验72-运行2完成: HV=0.9658, IGD=113.4321, GD=16.7029, 时间=4.17s
2025-06-26 09:16:58,335 - INFO - 实验72-运行3: LR=0.01000, Decay=0.9999, Groups=[0.25, 0.45, 0.2, 0.1], Gamma=0.850
2025-06-26 09:17:03,442 - INFO - 实验72-运行3完成: HV=0.9695, IGD=94.1269, GD=28.4878, 时间=5.11s
2025-06-26 09:17:03,442 - INFO - 实验72-运行4: LR=0.01000, Decay=0.9999, Groups=[0.25, 0.45, 0.2, 0.1], Gamma=0.850
2025-06-26 09:17:07,739 - INFO - 实验72-运行4完成: HV=0.9656, IGD=112.1723, GD=4.7549, 时间=4.30s
2025-06-26 09:17:07,739 - INFO - 实验72-运行5: LR=0.01000, Decay=0.9999, Groups=[0.25, 0.45, 0.2, 0.1], Gamma=0.850
2025-06-26 09:17:12,085 - INFO - 实验72-运行5完成: HV=0.9672, IGD=104.0592, GD=12.6121, 时间=4.35s
2025-06-26 09:17:12,085 - INFO - 实验组72完成: 平均HV=0.9662, 平均IGD=110.3922, 平均GD=17.9847, 综合得分=0.9228, SNR=-0.70
2025-06-26 09:17:12,085 - INFO - 进度: 72/81
2025-06-26 09:17:12,085 - INFO - 开始实验组73 (73/81)
2025-06-26 09:17:12,085 - INFO - 实验73-运行1: LR=0.02000, Decay=0.9850, Groups=[0.15, 0.55, 0.2, 0.1], Gamma=0.995
2025-06-26 09:17:17,262 - INFO - 实验73-运行1完成: HV=0.9695, IGD=97.3690, GD=5.0056, 时间=5.17s
2025-06-26 09:17:17,262 - INFO - 实验73-运行2: LR=0.02000, Decay=0.9850, Groups=[0.15, 0.55, 0.2, 0.1], Gamma=0.995
2025-06-26 09:17:22,520 - INFO - 实验73-运行2完成: HV=0.9686, IGD=99.5484, GD=12.2197, 时间=5.26s
2025-06-26 09:17:22,521 - INFO - 实验73-运行3: LR=0.02000, Decay=0.9850, Groups=[0.15, 0.55, 0.2, 0.1], Gamma=0.995
2025-06-26 09:17:27,599 - INFO - 实验73-运行3完成: HV=0.9720, IGD=83.7454, GD=12.3290, 时间=5.08s
2025-06-26 09:17:27,599 - INFO - 实验73-运行4: LR=0.02000, Decay=0.9850, Groups=[0.15, 0.55, 0.2, 0.1], Gamma=0.995
2025-06-26 09:17:32,777 - INFO - 实验73-运行4完成: HV=0.9685, IGD=98.3421, GD=10.8095, 时间=5.18s
2025-06-26 09:17:32,778 - INFO - 实验73-运行5: LR=0.02000, Decay=0.9850, Groups=[0.15, 0.55, 0.2, 0.1], Gamma=0.995
2025-06-26 09:17:36,563 - INFO - 实验73-运行5完成: HV=0.9605, IGD=138.7192, GD=21.5720, 时间=3.78s
2025-06-26 09:17:36,564 - INFO - 实验组73完成: 平均HV=0.9678, 平均IGD=103.5448, 平均GD=12.3872, 综合得分=0.9337, SNR=-0.60
2025-06-26 09:17:36,564 - INFO - 进度: 73/81
2025-06-26 09:17:36,564 - INFO - 开始实验组74 (74/81)
2025-06-26 09:17:36,564 - INFO - 实验74-运行1: LR=0.02000, Decay=0.9880, Groups=[0.8, 0.1, 0.07, 0.03], Gamma=0.800
2025-06-26 09:17:41,197 - INFO - 实验74-运行1完成: HV=0.9661, IGD=109.4320, GD=17.1087, 时间=4.63s
2025-06-26 09:17:41,198 - INFO - 实验74-运行2: LR=0.02000, Decay=0.9880, Groups=[0.8, 0.1, 0.07, 0.03], Gamma=0.800
2025-06-26 09:17:45,668 - INFO - 实验74-运行2完成: HV=0.9630, IGD=127.2870, GD=34.8633, 时间=4.47s
2025-06-26 09:17:45,669 - INFO - 实验74-运行3: LR=0.02000, Decay=0.9880, Groups=[0.8, 0.1, 0.07, 0.03], Gamma=0.800
2025-06-26 09:17:50,256 - INFO - 实验74-运行3完成: HV=0.9689, IGD=97.8511, GD=5.8023, 时间=4.59s
2025-06-26 09:17:50,257 - INFO - 实验74-运行4: LR=0.02000, Decay=0.9880, Groups=[0.8, 0.1, 0.07, 0.03], Gamma=0.800
2025-06-26 09:17:54,790 - INFO - 实验74-运行4完成: HV=1.0000, IGD=0.0000, GD=0.0000, 时间=4.53s
2025-06-26 09:17:54,791 - INFO - 实验74-运行5: LR=0.02000, Decay=0.9880, Groups=[0.8, 0.1, 0.07, 0.03], Gamma=0.800
2025-06-26 09:18:00,632 - INFO - 实验74-运行5完成: HV=0.9570, IGD=158.8843, GD=18.5328, 时间=5.84s
2025-06-26 09:18:00,632 - INFO - 实验组74完成: 平均HV=0.9710, 平均IGD=98.6909, 平均GD=15.2614, 综合得分=0.9321, SNR=-0.61
2025-06-26 09:18:00,632 - INFO - 进度: 74/81
2025-06-26 09:18:00,632 - INFO - 开始实验组75 (75/81)
2025-06-26 09:18:00,633 - INFO - 实验75-运行1: LR=0.02000, Decay=0.9900, Groups=[0.7, 0.15, 0.1, 0.05], Gamma=0.950
2025-06-26 09:18:05,664 - INFO - 实验75-运行1完成: HV=0.9671, IGD=108.9725, GD=16.7433, 时间=5.03s
2025-06-26 09:18:05,665 - INFO - 实验75-运行2: LR=0.02000, Decay=0.9900, Groups=[0.7, 0.15, 0.1, 0.05], Gamma=0.950
2025-06-26 09:18:10,228 - INFO - 实验75-运行2完成: HV=0.9670, IGD=109.4558, GD=8.5424, 时间=4.56s
2025-06-26 09:18:10,229 - INFO - 实验75-运行3: LR=0.02000, Decay=0.9900, Groups=[0.7, 0.15, 0.1, 0.05], Gamma=0.950
2025-06-26 09:18:15,220 - INFO - 实验75-运行3完成: HV=0.9556, IGD=164.4886, GD=31.0571, 时间=4.99s
2025-06-26 09:18:15,221 - INFO - 实验75-运行4: LR=0.02000, Decay=0.9900, Groups=[0.7, 0.15, 0.1, 0.05], Gamma=0.950
2025-06-26 09:18:20,203 - INFO - 实验75-运行4完成: HV=0.9635, IGD=126.3610, GD=22.5679, 时间=4.98s
2025-06-26 09:18:20,204 - INFO - 实验75-运行5: LR=0.02000, Decay=0.9900, Groups=[0.7, 0.15, 0.1, 0.05], Gamma=0.950
2025-06-26 09:18:25,541 - INFO - 实验75-运行5完成: HV=0.9688, IGD=100.0961, GD=6.6176, 时间=5.34s
2025-06-26 09:18:25,541 - INFO - 实验组75完成: 平均HV=0.9644, 平均IGD=121.8748, 平均GD=17.1057, 综合得分=0.9204, SNR=-0.72
2025-06-26 09:18:25,541 - INFO - 进度: 75/81
2025-06-26 09:18:25,542 - INFO - 开始实验组76 (76/81)
2025-06-26 09:18:25,542 - INFO - 实验76-运行1: LR=0.02000, Decay=0.9930, Groups=[0.6, 0.2, 0.15, 0.05], Gamma=0.995
2025-06-26 09:18:30,954 - INFO - 实验76-运行1完成: HV=0.9629, IGD=126.5026, GD=33.0772, 时间=5.41s
2025-06-26 09:18:30,955 - INFO - 实验76-运行2: LR=0.02000, Decay=0.9930, Groups=[0.6, 0.2, 0.15, 0.05], Gamma=0.995
2025-06-26 09:18:35,838 - INFO - 实验76-运行2完成: HV=0.9655, IGD=114.2296, GD=16.0021, 时间=4.88s
2025-06-26 09:18:35,838 - INFO - 实验76-运行3: LR=0.02000, Decay=0.9930, Groups=[0.6, 0.2, 0.15, 0.05], Gamma=0.995
2025-06-26 09:18:41,098 - INFO - 实验76-运行3完成: HV=0.9640, IGD=123.3483, GD=11.6955, 时间=5.26s
2025-06-26 09:18:41,098 - INFO - 实验76-运行4: LR=0.02000, Decay=0.9930, Groups=[0.6, 0.2, 0.15, 0.05], Gamma=0.995
2025-06-26 09:18:45,554 - INFO - 实验76-运行4完成: HV=0.9676, IGD=104.7820, GD=6.4256, 时间=4.46s
2025-06-26 09:18:45,554 - INFO - 实验76-运行5: LR=0.02000, Decay=0.9930, Groups=[0.6, 0.2, 0.15, 0.05], Gamma=0.995
2025-06-26 09:18:50,585 - INFO - 实验76-运行5完成: HV=1.0000, IGD=0.0000, GD=0.0000, 时间=5.03s
2025-06-26 09:18:50,585 - INFO - 实验组76完成: 平均HV=0.9720, 平均IGD=93.7725, 平均GD=13.4401, 综合得分=0.9366, SNR=-0.57
2025-06-26 09:18:50,585 - INFO - 进度: 76/81
2025-06-26 09:18:50,586 - INFO - 开始实验组77 (77/81)
2025-06-26 09:18:50,586 - INFO - 实验77-运行1: LR=0.02000, Decay=0.9950, Groups=[0.5, 0.3, 0.15, 0.05], Gamma=0.800
2025-06-26 09:18:55,174 - INFO - 实验77-运行1完成: HV=0.9630, IGD=127.0834, GD=27.7930, 时间=4.59s
2025-06-26 09:18:55,175 - INFO - 实验77-运行2: LR=0.02000, Decay=0.9950, Groups=[0.5, 0.3, 0.15, 0.05], Gamma=0.800
2025-06-26 09:18:59,980 - INFO - 实验77-运行2完成: HV=0.9678, IGD=103.6505, GD=0.0000, 时间=4.80s
2025-06-26 09:18:59,980 - INFO - 实验77-运行3: LR=0.02000, Decay=0.9950, Groups=[0.5, 0.3, 0.15, 0.05], Gamma=0.800
2025-06-26 09:19:04,110 - INFO - 实验77-运行3完成: HV=0.9654, IGD=115.1538, GD=18.5520, 时间=4.13s
2025-06-26 09:19:04,111 - INFO - 实验77-运行4: LR=0.02000, Decay=0.9950, Groups=[0.5, 0.3, 0.15, 0.05], Gamma=0.800
2025-06-26 09:19:09,162 - INFO - 实验77-运行4完成: HV=1.0000, IGD=0.0000, GD=0.0000, 时间=5.05s
2025-06-26 09:19:09,162 - INFO - 实验77-运行5: LR=0.02000, Decay=0.9950, Groups=[0.5, 0.3, 0.15, 0.05], Gamma=0.800
2025-06-26 09:19:14,229 - INFO - 实验77-运行5完成: HV=0.9662, IGD=110.0052, GD=9.9747, 时间=5.07s
2025-06-26 09:19:14,230 - INFO - 实验组77完成: 平均HV=0.9725, 平均IGD=91.1786, 平均GD=11.2639, 综合得分=0.9409, SNR=-0.53
2025-06-26 09:19:14,230 - INFO - 进度: 77/81
2025-06-26 09:19:14,230 - INFO - 开始实验组78 (78/81)
2025-06-26 09:19:14,230 - INFO - 实验78-运行1: LR=0.02000, Decay=0.9970, Groups=[0.45, 0.25, 0.2, 0.1], Gamma=0.950
2025-06-26 09:19:18,915 - INFO - 实验78-运行1完成: HV=0.9718, IGD=82.1431, GD=5.2059, 时间=4.69s
2025-06-26 09:19:18,915 - INFO - 实验78-运行2: LR=0.02000, Decay=0.9970, Groups=[0.45, 0.25, 0.2, 0.1], Gamma=0.950
2025-06-26 09:19:23,495 - INFO - 实验78-运行2完成: HV=0.9625, IGD=130.1909, GD=62.2683, 时间=4.58s
2025-06-26 09:19:23,495 - INFO - 实验78-运行3: LR=0.02000, Decay=0.9970, Groups=[0.45, 0.25, 0.2, 0.1], Gamma=0.950
2025-06-26 09:19:28,292 - INFO - 实验78-运行3完成: HV=0.9697, IGD=94.7375, GD=9.1738, 时间=4.80s
2025-06-26 09:19:28,293 - INFO - 实验78-运行4: LR=0.02000, Decay=0.9970, Groups=[0.45, 0.25, 0.2, 0.1], Gamma=0.950
2025-06-26 09:19:34,279 - INFO - 实验78-运行4完成: HV=0.9658, IGD=112.4607, GD=19.6051, 时间=5.99s
2025-06-26 09:19:34,280 - INFO - 实验78-运行5: LR=0.02000, Decay=0.9970, Groups=[0.45, 0.25, 0.2, 0.1], Gamma=0.950
2025-06-26 09:19:39,039 - INFO - 实验78-运行5完成: HV=0.9620, IGD=133.3099, GD=28.9134, 时间=4.76s
2025-06-26 09:19:39,039 - INFO - 实验组78完成: 平均HV=0.9664, 平均IGD=110.5684, 平均GD=25.0333, 综合得分=0.9133, SNR=-0.79
2025-06-26 09:19:39,039 - INFO - 进度: 78/81
2025-06-26 09:19:39,040 - INFO - 开始实验组79 (79/81)
2025-06-26 09:19:39,040 - INFO - 实验79-运行1: LR=0.02000, Decay=0.9990, Groups=[0.35, 0.4, 0.2, 0.05], Gamma=0.995
2025-06-26 09:19:43,673 - INFO - 实验79-运行1完成: HV=0.9628, IGD=128.4750, GD=25.4367, 时间=4.63s
2025-06-26 09:19:43,673 - INFO - 实验79-运行2: LR=0.02000, Decay=0.9990, Groups=[0.35, 0.4, 0.2, 0.05], Gamma=0.995
2025-06-26 09:19:48,265 - INFO - 实验79-运行2完成: HV=0.9617, IGD=134.0189, GD=13.9347, 时间=4.59s
2025-06-26 09:19:48,266 - INFO - 实验79-运行3: LR=0.02000, Decay=0.9990, Groups=[0.35, 0.4, 0.2, 0.05], Gamma=0.995
2025-06-26 09:19:53,401 - INFO - 实验79-运行3完成: HV=0.9663, IGD=109.7964, GD=10.9088, 时间=5.13s
2025-06-26 09:19:53,401 - INFO - 实验79-运行4: LR=0.02000, Decay=0.9990, Groups=[0.35, 0.4, 0.2, 0.05], Gamma=0.995
2025-06-26 09:19:59,297 - INFO - 实验79-运行4完成: HV=0.9648, IGD=119.0525, GD=24.2429, 时间=5.90s
2025-06-26 09:19:59,297 - INFO - 实验79-运行5: LR=0.02000, Decay=0.9990, Groups=[0.35, 0.4, 0.2, 0.05], Gamma=0.995
2025-06-26 09:20:04,568 - INFO - 实验79-运行5完成: HV=0.9680, IGD=102.6587, GD=11.0888, 时间=5.27s
2025-06-26 09:20:04,568 - INFO - 实验组79完成: 平均HV=0.9647, 平均IGD=118.8003, 平均GD=17.1224, 综合得分=0.9213, SNR=-0.71
2025-06-26 09:20:04,569 - INFO - 进度: 79/81
2025-06-26 09:20:04,569 - INFO - 开始实验组80 (80/81)
2025-06-26 09:20:04,569 - INFO - 实验80-运行1: LR=0.02000, Decay=0.9995, Groups=[0.25, 0.45, 0.2, 0.1], Gamma=0.800
2025-06-26 09:20:09,292 - INFO - 实验80-运行1完成: HV=0.9718, IGD=83.3113, GD=0.0000, 时间=4.72s
2025-06-26 09:20:09,293 - INFO - 实验80-运行2: LR=0.02000, Decay=0.9995, Groups=[0.25, 0.45, 0.2, 0.1], Gamma=0.800
2025-06-26 09:20:14,062 - INFO - 实验80-运行2完成: HV=0.9646, IGD=118.8939, GD=22.4086, 时间=4.77s
2025-06-26 09:20:14,063 - INFO - 实验80-运行3: LR=0.02000, Decay=0.9995, Groups=[0.25, 0.45, 0.2, 0.1], Gamma=0.800
2025-06-26 09:20:19,026 - INFO - 实验80-运行3完成: HV=0.9642, IGD=120.3605, GD=23.2482, 时间=4.96s
2025-06-26 09:20:19,027 - INFO - 实验80-运行4: LR=0.02000, Decay=0.9995, Groups=[0.25, 0.45, 0.2, 0.1], Gamma=0.800
2025-06-26 09:20:24,595 - INFO - 实验80-运行4完成: HV=1.0000, IGD=0.0000, GD=0.0000, 时间=5.57s
2025-06-26 09:20:24,596 - INFO - 实验80-运行5: LR=0.02000, Decay=0.9995, Groups=[0.25, 0.45, 0.2, 0.1], Gamma=0.800
2025-06-26 09:20:29,655 - INFO - 实验80-运行5完成: HV=0.9697, IGD=95.1481, GD=0.0000, 时间=5.06s
2025-06-26 09:20:29,655 - INFO - 实验组80完成: 平均HV=0.9741, 平均IGD=83.5428, 平均GD=9.1314, 综合得分=0.9472, SNR=-0.47
2025-06-26 09:20:29,655 - INFO - 进度: 80/81
2025-06-26 09:20:29,655 - INFO - 开始实验组81 (81/81)
2025-06-26 09:20:29,655 - INFO - 实验81-运行1: LR=0.02000, Decay=0.9999, Groups=[0.2, 0.5, 0.2, 0.1], Gamma=0.950
2025-06-26 09:20:34,791 - INFO - 实验81-运行1完成: HV=1.0000, IGD=0.0000, GD=0.0000, 时间=5.13s
2025-06-26 09:20:34,792 - INFO - 实验81-运行2: LR=0.02000, Decay=0.9999, Groups=[0.2, 0.5, 0.2, 0.1], Gamma=0.950
2025-06-26 09:20:39,992 - INFO - 实验81-运行2完成: HV=0.9650, IGD=117.2688, GD=6.7118, 时间=5.20s
2025-06-26 09:20:39,993 - INFO - 实验81-运行3: LR=0.02000, Decay=0.9999, Groups=[0.2, 0.5, 0.2, 0.1], Gamma=0.950
2025-06-26 09:20:45,474 - INFO - 实验81-运行3完成: HV=0.9694, IGD=98.2283, GD=9.4548, 时间=5.48s
2025-06-26 09:20:45,474 - INFO - 实验81-运行4: LR=0.02000, Decay=0.9999, Groups=[0.2, 0.5, 0.2, 0.1], Gamma=0.950
2025-06-26 09:20:50,448 - INFO - 实验81-运行4完成: HV=0.9625, IGD=129.4581, GD=38.0713, 时间=4.97s
2025-06-26 09:20:50,448 - INFO - 实验81-运行5: LR=0.02000, Decay=0.9999, Groups=[0.2, 0.5, 0.2, 0.1], Gamma=0.950
2025-06-26 09:20:55,470 - INFO - 实验81-运行5完成: HV=0.9649, IGD=114.0919, GD=14.9440, 时间=5.02s
2025-06-26 09:20:55,471 - INFO - 实验组81完成: 平均HV=0.9724, 平均IGD=91.8094, 平均GD=13.8364, 综合得分=0.9366, SNR=-0.57
2025-06-26 09:20:55,471 - INFO - 进度: 81/81
2025-06-26 09:20:55,471 - INFO - 开始保存到Excel文件
2025-06-26 09:20:56,135 - INFO - 结果已保存到Excel文件: taguchi_l81_results_20250626_084731\L81_experiment_results.xlsx
2025-06-26 09:20:56,157 - INFO - 田口分析报告已保存: taguchi_l81_results_20250626_084731\L81_taguchi_analysis_report.txt
